<?xml version="1.0" encoding="UTF-8"?>
<testsuite xmlns:xsi="http://www.w3.org/2001/XMLSchema-instance" xsi:noNamespaceSchemaLocation="https://maven.apache.org/surefire/maven-surefire-plugin/xsd/surefire-test-report.xsd" name="com.forgerock.openbanking.exercise.tpp.account.AccountsApiTest" time="1.473" tests="1" errors="0" skipped="1" failures="0">
  <properties>
[...]
</properties>
  <testcase name="getAccounts" classname="com.forgerock.openbanking.exercise.tpp.account.AccountsApiTest" time="0">
    <skipped message="Fix me by implementing get account logic in AccountsAPIController"/>
    <system-out><![CDATA[16:11:12.157 [main] DEBUG org.springframework.test.context.junit4.SpringJUnit4ClassRunner - SpringJUnit4ClassRunner constructor called with [class com.forgerock.openbanking.exercise.tpp.account.AccountsApiTest]
16:11:12.168 [main] DEBUG org.springframework.test.context.BootstrapUtils - Instantiating CacheAwareContextLoaderDelegate from class [org.springframework.test.context.cache.DefaultCacheAwareContextLoaderDelegate]
16:11:12.178 [main] DEBUG org.springframework.test.context.BootstrapUtils - Instantiating BootstrapContext using constructor [public org.springframework.test.context.support.DefaultBootstrapContext(java.lang.Class,org.springframework.test.context.CacheAwareContextLoaderDelegate)]
16:11:12.205 [main] DEBUG org.springframework.test.context.BootstrapUtils - Instantiating TestContextBootstrapper for test class [com.forgerock.openbanking.exercise.tpp.account.AccountsApiTest] from class [org.springframework.boot.test.context.SpringBootTestContextBootstrapper]
16:11:12.220 [main] INFO org.springframework.boot.test.context.SpringBootTestContextBootstrapper - Neither @ContextConfiguration nor @ContextHierarchy found for test class [com.forgerock.openbanking.exercise.tpp.account.AccountsApiTest], using SpringBootContextLoader
16:11:12.225 [main] DEBUG org.springframework.test.context.support.AbstractContextLoader - Did not detect default resource location for test class [com.forgerock.openbanking.exercise.tpp.account.AccountsApiTest]: class path resource [com/forgerock/openbanking/exercise/tpp/account/AccountsApiTest-context.xml] does not exist
16:11:12.226 [main] DEBUG org.springframework.test.context.support.AbstractContextLoader - Did not detect default resource location for test class [com.forgerock.openbanking.exercise.tpp.account.AccountsApiTest]: class path resource [com/forgerock/openbanking/exercise/tpp/account/AccountsApiTestContext.groovy] does not exist
16:11:12.226 [main] INFO org.springframework.test.context.support.AbstractContextLoader - Could not detect default resource locations for test class [com.forgerock.openbanking.exercise.tpp.account.AccountsApiTest]: no resource found for suffixes {-context.xml, Context.groovy}.
16:11:12.227 [main] INFO org.springframework.test.context.support.AnnotationConfigContextLoaderUtils - Could not detect default configuration classes for test class [com.forgerock.openbanking.exercise.tpp.account.AccountsApiTest]: AccountsApiTest does not declare any static, non-private, non-final, nested classes annotated with @Configuration.
16:11:12.301 [main] DEBUG org.springframework.test.context.support.ActiveProfilesUtils - Could not find an 'annotation declaring class' for annotation type [org.springframework.test.context.ActiveProfiles] and class [com.forgerock.openbanking.exercise.tpp.account.AccountsApiTest]
16:11:12.310 [main] DEBUG org.springframework.core.env.StandardEnvironment - Adding PropertySource 'systemProperties' with lowest search precedence
16:11:12.311 [main] DEBUG org.springframework.core.env.StandardEnvironment - Adding PropertySource 'systemEnvironment' with lowest search precedence
16:11:12.312 [main] DEBUG org.springframework.core.env.StandardEnvironment - Initialized StandardEnvironment with PropertySources [MapPropertySource@1890627974 {name='systemProperties', properties={java.runtime.name=Java(TM) SE Runtime Environment, sun.boot.library.path=/Library/Java/JavaVirtualMachines/jdk1.8.0_151.jdk/Contents/Home/jre/lib, java.vm.version=25.151-b12, user.country.format=EN, gopherProxySet=false, java.vm.vendor=Oracle Corporation, java.vendor.url=http://java.oracle.com/, path.separator=:, java.vm.name=Java HotSpot(TM) 64-Bit Server VM, file.encoding.pkg=sun.io, user.country=US, sun.java.launcher=SUN_STANDARD, sun.os.patch.level=unknown, java.vm.specification.name=Java Virtual Machine Specification, user.dir=/Users/athemistou/Workspace/fr-obri-exercise/forgerock-openbanking-excercise-tpp, java.runtime.version=1.8.0_151-b12, basedir=/Users/athemistou/Workspace/fr-obri-exercise/forgerock-openbanking-excercise-tpp, java.awt.graphicsenv=sun.awt.CGraphicsEnvironment, java.endorsed.dirs=/Library/Java/JavaVirtualMachines/jdk1.8.0_151.jdk/Contents/Home/jre/lib/endorsed, os.arch=x86_64, surefire.real.class.path=/Users/athemistou/Workspace/fr-obri-exercise/forgerock-openbanking-excercise-tpp/target/surefire/surefirebooter6184014002643845965.jar, java.io.tmpdir=/var/folders/1f/0_byllp93y718xcw86mw_ypw5r19gt/T/, line.separator=
, java.vm.specification.vendor=Oracle Corporation, os.name=Mac OS X, sun.jnu.encoding=UTF-8, java.library.path=/Users/athemistou/Library/Java/Extensions:/Library/Java/Extensions:/Network/Library/Java/Extensions:/System/Library/Java/Extensions:/usr/lib/java:., surefire.test.class.path=/Users/athemistou/Workspace/fr-obri-exercise/forgerock-openbanking-excercise-tpp/target/test-classes:/Users/athemistou/Workspace/fr-obri-exercise/forgerock-openbanking-excercise-tpp/target/classes:/Users/athemistou/.m2/repository/org/springframework/boot/spring-boot-starter-test/2.0.4.RELEASE/spring-boot-starter-test-2.0.4.RELEASE.jar:/Users/athemistou/.m2/repository/org/springframework/boot/spring-boot-starter/2.0.4.RELEASE/spring-boot-starter-2.0.4.RELEASE.jar:/Users/athemistou/.m2/repository/org/springframework/boot/spring-boot/2.0.4.RELEASE/spring-boot-2.0.4.RELEASE.jar:/Users/athemistou/.m2/repository/org/springframework/boot/spring-boot-autoconfigure/2.0.4.RELEASE/spring-boot-autoconfigure-2.0.4.RELEASE.jar:/Users/athemistou/.m2/repository/org/springframework/boot/spring-boot-starter-logging/2.0.4.RELEASE/spring-boot-starter-logging-2.0.4.RELEASE.jar:/Users/athemistou/.m2/repository/ch/qos/logback/logback-classic/1.2.3/logback-classic-1.2.3.jar:/Users/athemistou/.m2/repository/org/apache/logging/log4j/log4j-to-slf4j/2.10.0/log4j-to-slf4j-2.10.0.jar:/Users/athemistou/.m2/repository/org/apache/logging/log4j/log4j-api/2.10.0/log4j-api-2.10.0.jar:/Users/athemistou/.m2/repository/org/slf4j/jul-to-slf4j/1.7.6/jul-to-slf4j-1.7.6.jar:/Users/athemistou/.m2/repository/javax/annotation/javax.annotation-api/1.3.2/javax.annotation-api-1.3.2.jar:/Users/athemistou/.m2/repository/org/yaml/snakeyaml/1.19/snakeyaml-1.19.jar:/Users/athemistou/.m2/repository/org/springframework/boot/spring-boot-test/2.0.4.RELEASE/spring-boot-test-2.0.4.RELEASE.jar:/Users/athemistou/.m2/repository/org/springframework/boot/spring-boot-test-autoconfigure/2.0.4.RELEASE/spring-boot-test-autoconfigure-2.0.4.RELEASE.jar:/Users/athemistou/.m2/repository/com/jayway/jsonpath/json-path/2.4.0/json-path-2.4.0.jar:/Users/athemistou/.m2/repository/org/assertj/assertj-core/3.9.1/assertj-core-3.9.1.jar:/Users/athemistou/.m2/repository/org/mockito/mockito-core/2.15.0/mockito-core-2.15.0.jar:/Users/athemistou/.m2/repository/net/bytebuddy/byte-buddy-agent/1.7.11/byte-buddy-agent-1.7.11.jar:/Users/athemistou/.m2/repository/org/objenesis/objenesis/2.6/objenesis-2.6.jar:/Users/athemistou/.m2/repository/org/hamcrest/hamcrest-core/1.3/hamcrest-core-1.3.jar:/Users/athemistou/.m2/repository/org/hamcrest/hamcrest-library/1.3/hamcrest-library-1.3.jar:/Users/athemistou/.m2/repository/org/skyscreamer/jsonassert/1.5.0/jsonassert-1.5.0.jar:/Users/athemistou/.m2/repository/com/vaadin/external/google/android-json/0.0.20131108.vaadin1/android-json-0.0.20131108.vaadin1.jar:/Users/athemistou/.m2/repository/org/springframework/spring-core/5.0.8.RELEASE/spring-core-5.0.8.RELEASE.jar:/Users/athemistou/.m2/repository/org/springframework/spring-jcl/5.0.8.RELEASE/spring-jcl-5.0.8.RELEASE.jar:/Users/athemistou/.m2/repository/org/springframework/spring-test/5.0.8.RELEASE/spring-test-5.0.8.RELEASE.jar:/Users/athemistou/.m2/repository/org/xmlunit/xmlunit-core/2.5.1/xmlunit-core-2.5.1.jar:/Users/athemistou/.m2/repository/org/springframework/restdocs/spring-restdocs-mockmvc/2.0.2.RELEASE/spring-restdocs-mockmvc-2.0.2.RELEASE.jar:/Users/athemistou/.m2/repository/javax/servlet/javax.servlet-api/3.1.0/javax.servlet-api-3.1.0.jar:/Users/athemistou/.m2/repository/org/springframework/restdocs/spring-restdocs-core/2.0.2.RELEASE/spring-restdocs-core-2.0.2.RELEASE.jar:/Users/athemistou/.m2/repository/org/springframework/spring-webmvc/5.0.8.RELEASE/spring-webmvc-5.0.8.RELEASE.jar:/Users/athemistou/.m2/repository/org/springframework/spring-aop/5.0.8.RELEASE/spring-aop-5.0.8.RELEASE.jar:/Users/athemistou/.m2/repository/org/springframework/spring-beans/5.0.8.RELEASE/spring-beans-5.0.8.RELEASE.jar:/Users/athemistou/.m2/repository/org/springframework/spring-context/5.0.8.RELEASE/spring-context-5.0.8.RELEASE.jar:/Users/athemistou/.m2/repository/org/springframework/spring-expression/5.0.8.RELEASE/spring-expression-5.0.8.RELEASE.jar:/Users/athemistou/.m2/repository/com/nimbusds/nimbus-jose-jwt/6.0/nimbus-jose-jwt-6.0.jar:/Users/athemistou/.m2/repository/com/github/stephenc/jcip/jcip-annotations/1.0-1/jcip-annotations-1.0-1.jar:/Users/athemistou/.m2/repository/net/minidev/json-smart/2.3/json-smart-2.3.jar:/Users/athemistou/.m2/repository/net/minidev/accessors-smart/1.2/accessors-smart-1.2.jar:/Users/athemistou/.m2/repository/org/ow2/asm/asm/5.0.4/asm-5.0.4.jar:/Users/athemistou/.m2/repository/org/bouncycastle/bcprov-jdk15on/1.58/bcprov-jdk15on-1.58.jar:/Users/athemistou/.m2/repository/org/slf4j/slf4j-api/1.7.6/slf4j-api-1.7.6.jar:/Users/athemistou/.m2/repository/org/springframework/boot/spring-boot-starter-data-mongodb/2.0.4.RELEASE/spring-boot-starter-data-mongodb-2.0.4.RELEASE.jar:/Users/athemistou/.m2/repository/org/mongodb/mongodb-driver/3.6.4/mongodb-driver-3.6.4.jar:/Users/athemistou/.m2/repository/org/mongodb/bson/3.6.4/bson-3.6.4.jar:/Users/athemistou/.m2/repository/org/mongodb/mongodb-driver-core/3.6.4/mongodb-driver-core-3.6.4.jar:/Users/athemistou/.m2/repository/org/springframework/data/spring-data-mongodb/2.0.9.RELEASE/spring-data-mongodb-2.0.9.RELEASE.jar:/Users/athemistou/.m2/repository/org/springframework/spring-tx/5.0.8.RELEASE/spring-tx-5.0.8.RELEASE.jar:/Users/athemistou/.m2/repository/org/springframework/data/spring-data-commons/2.0.9.RELEASE/spring-data-commons-2.0.9.RELEASE.jar:/Users/athemistou/.m2/repository/de/flapdoodle/embed/de.flapdoodle.embed.mongo/2.0.3/de.flapdoodle.embed.mongo-2.0.3.jar:/Users/athemistou/.m2/repository/de/flapdoodle/embed/de.flapdoodle.embed.process/2.0.2/de.flapdoodle.embed.process-2.0.2.jar:/Users/athemistou/.m2/repository/net/java/dev/jna/jna/4.5.2/jna-4.5.2.jar:/Users/athemistou/.m2/repository/net/java/dev/jna/jna-platform/4.5.2/jna-platform-4.5.2.jar:/Users/athemistou/.m2/repository/org/apache/commons/commons-compress/1.10/commons-compress-1.10.jar:/Users/athemistou/.m2/repository/cz/jirutka/spring/embedmongo-spring/1.3.1/embedmongo-spring-1.3.1.jar:/Users/athemistou/.m2/repository/org/mongodb/mongo-java-driver/3.6.4/mongo-java-driver-3.6.4.jar:/Users/athemistou/.m2/repository/org/springframework/boot/spring-boot-starter-thymeleaf/2.0.4.RELEASE/spring-boot-starter-thymeleaf-2.0.4.RELEASE.jar:/Users/athemistou/.m2/repository/org/thymeleaf/thymeleaf-spring5/3.0.9.RELEASE/thymeleaf-spring5-3.0.9.RELEASE.jar:/Users/athemistou/.m2/repository/org/thymeleaf/thymeleaf/3.0.9.RELEASE/thymeleaf-3.0.9.RELEASE.jar:/Users/athemistou/.m2/repository/org/attoparser/attoparser/2.0.4.RELEASE/attoparser-2.0.4.RELEASE.jar:/Users/athemistou/.m2/repository/org/unbescape/unbescape/1.1.5.RELEASE/unbescape-1.1.5.RELEASE.jar:/Users/athemistou/.m2/repository/org/thymeleaf/extras/thymeleaf-extras-java8time/3.0.1.RELEASE/thymeleaf-extras-java8time-3.0.1.RELEASE.jar:/Users/athemistou/.m2/repository/uk/org/openbanking/openbanking-sdk/2.0.0.7/openbanking-sdk-2.0.0.7.jar:/Users/athemistou/.m2/repository/com/fasterxml/jackson/core/jackson-databind/2.9.6/jackson-databind-2.9.6.jar:/Users/athemistou/.m2/repository/com/fasterxml/jackson/core/jackson-annotations/2.9.0/jackson-annotations-2.9.0.jar:/Users/athemistou/.m2/repository/com/fasterxml/jackson/core/jackson-core/2.9.6/jackson-core-2.9.6.jar:/Users/athemistou/.m2/repository/io/springfox/springfox-swagger2/2.9.2/springfox-swagger2-2.9.2.jar:/Users/athemistou/.m2/repository/io/swagger/swagger-annotations/1.5.20/swagger-annotations-1.5.20.jar:/Users/athemistou/.m2/repository/io/swagger/swagger-models/1.5.20/swagger-models-1.5.20.jar:/Users/athemistou/.m2/repository/io/springfox/springfox-spi/2.9.2/springfox-spi-2.9.2.jar:/Users/athemistou/.m2/repository/io/springfox/springfox-core/2.9.2/springfox-core-2.9.2.jar:/Users/athemistou/.m2/repository/io/springfox/springfox-schema/2.9.2/springfox-schema-2.9.2.jar:/Users/athemistou/.m2/repository/io/springfox/springfox-swagger-common/2.9.2/springfox-swagger-common-2.9.2.jar:/Users/athemistou/.m2/repository/io/springfox/springfox-spring-web/2.9.2/springfox-spring-web-2.9.2.jar:/Users/athemistou/.m2/repository/com/fasterxml/classmate/1.3.4/classmate-1.3.4.jar:/Users/athemistou/.m2/repository/org/springframework/plugin/spring-plugin-core/1.2.0.RELEASE/spring-plugin-core-1.2.0.RELEASE.jar:/Users/athemistou/.m2/repository/org/springframework/plugin/spring-plugin-metadata/1.2.0.RELEASE/spring-plugin-metadata-1.2.0.RELEASE.jar:/Users/athemistou/.m2/repository/org/mapstruct/mapstruct/1.2.0.Final/mapstruct-1.2.0.Final.jar:/Users/athemistou/.m2/repository/io/springfox/springfox-swagger-ui/2.9.2/springfox-swagger-ui-2.9.2.jar:/Users/athemistou/.m2/repository/org/springframework/boot/spring-boot-starter-web/2.0.4.RELEASE/spring-boot-starter-web-2.0.4.RELEASE.jar:/Users/athemistou/.m2/repository/org/springframework/boot/spring-boot-starter-json/2.0.4.RELEASE/spring-boot-starter-json-2.0.4.RELEASE.jar:/Users/athemistou/.m2/repository/com/fasterxml/jackson/datatype/jackson-datatype-jdk8/2.9.6/jackson-datatype-jdk8-2.9.6.jar:/Users/athemistou/.m2/repository/com/fasterxml/jackson/datatype/jackson-datatype-jsr310/2.9.6/jackson-datatype-jsr310-2.9.6.jar:/Users/athemistou/.m2/repository/com/fasterxml/jackson/module/jackson-module-parameter-names/2.9.6/jackson-module-parameter-names-2.9.6.jar:/Users/athemistou/.m2/repository/org/springframework/boot/spring-boot-starter-tomcat/2.0.4.RELEASE/spring-boot-starter-tomcat-2.0.4.RELEASE.jar:/Users/athemistou/.m2/repository/org/apache/tomcat/embed/tomcat-embed-core/8.5.32/tomcat-embed-core-8.5.32.jar:/Users/athemistou/.m2/repository/org/apache/tomcat/embed/tomcat-embed-el/8.5.32/tomcat-embed-el-8.5.32.jar:/Users/athemistou/.m2/repository/org/apache/tomcat/embed/tomcat-embed-websocket/8.5.32/tomcat-embed-websocket-8.5.32.jar:/Users/athemistou/.m2/repository/org/hibernate/validator/hibernate-validator/6.0.11.Final/hibernate-validator-6.0.11.Final.jar:/Users/athemistou/.m2/repository/javax/validation/validation-api/2.0.1.Final/validation-api-2.0.1.Final.jar:/Users/athemistou/.m2/repository/org/jboss/logging/jboss-logging/3.3.2.Final/jboss-logging-3.3.2.Final.jar:/Users/athemistou/.m2/repository/org/springframework/spring-web/5.0.8.RELEASE/spring-web-5.0.8.RELEASE.jar:/Users/athemistou/.m2/repository/joda-time/joda-time/2.9.9/joda-time-2.9.9.jar:/Users/athemistou/.m2/repository/net/logstash/logback/logstash-logback-encoder/4.11/logstash-logback-encoder-4.11.jar:/Users/athemistou/.m2/repository/ch/qos/logback/logback-core/1.2.3/logback-core-1.2.3.jar:/Users/athemistou/.m2/repository/org/apache/httpcomponents/httpclient/4.5.3/httpclient-4.5.3.jar:/Users/athemistou/.m2/repository/org/apache/httpcomponents/httpcore/4.4.10/httpcore-4.4.10.jar:/Users/athemistou/.m2/repository/commons-logging/commons-logging/1.2/commons-logging-1.2.jar:/Users/athemistou/.m2/repository/commons-codec/commons-codec/1.11/commons-codec-1.11.jar:/Users/athemistou/.m2/repository/org/seleniumhq/selenium/selenium-java/3.14.0/selenium-java-3.14.0.jar:/Users/athemistou/.m2/repository/org/seleniumhq/selenium/selenium-api/3.14.0/selenium-api-3.14.0.jar:/Users/athemistou/.m2/repository/org/seleniumhq/selenium/selenium-chrome-driver/3.14.0/selenium-chrome-driver-3.14.0.jar:/Users/athemistou/.m2/repository/org/seleniumhq/selenium/selenium-edge-driver/3.14.0/selenium-edge-driver-3.14.0.jar:/Users/athemistou/.m2/repository/org/seleniumhq/selenium/selenium-firefox-driver/3.14.0/selenium-firefox-driver-3.14.0.jar:/Users/athemistou/.m2/repository/org/seleniumhq/selenium/selenium-ie-driver/3.14.0/selenium-ie-driver-3.14.0.jar:/Users/athemistou/.m2/repository/org/seleniumhq/selenium/selenium-opera-driver/3.14.0/selenium-opera-driver-3.14.0.jar:/Users/athemistou/.m2/repository/org/seleniumhq/selenium/selenium-remote-driver/3.14.0/selenium-remote-driver-3.14.0.jar:/Users/athemistou/.m2/repository/org/seleniumhq/selenium/selenium-safari-driver/3.14.0/selenium-safari-driver-3.14.0.jar:/Users/athemistou/.m2/repository/org/seleniumhq/selenium/selenium-support/3.14.0/selenium-support-3.14.0.jar:/Users/athemistou/.m2/repository/net/bytebuddy/byte-buddy/1.7.11/byte-buddy-1.7.11.jar:/Users/athemistou/.m2/repository/org/apache/commons/commons-exec/1.3/commons-exec-1.3.jar:/Users/athemistou/.m2/repository/com/google/guava/guava/25.0-jre/guava-25.0-jre.jar:/Users/athemistou/.m2/repository/com/google/code/findbugs/jsr305/1.3.9/jsr305-1.3.9.jar:/Users/athemistou/.m2/repository/org/checkerframework/checker-compat-qual/2.0.0/checker-compat-qual-2.0.0.jar:/Users/athemistou/.m2/repository/com/google/errorprone/error_prone_annotations/2.1.3/error_prone_annotations-2.1.3.jar:/Users/athemistou/.m2/repository/com/google/j2objc/j2objc-annotations/1.1/j2objc-annotations-1.1.jar:/Users/athemistou/.m2/repository/org/codehaus/mojo/animal-sniffer-annotations/1.14/animal-sniffer-annotations-1.14.jar:/Users/athemistou/.m2/repository/com/squareup/okhttp3/okhttp/3.8.1/okhttp-3.8.1.jar:/Users/athemistou/.m2/repository/com/squareup/okio/okio/1.14.1/okio-1.14.1.jar:/Users/athemistou/.m2/repository/junit/junit/4.12/junit-4.12.jar:/Users/athemistou/.m2/repository/io/github/bonigarcia/webdrivermanager/3.0.0/webdrivermanager-3.0.0.jar:/Users/athemistou/.m2/repository/commons-io/commons-io/2.6/commons-io-2.6.jar:/Users/athemistou/.m2/repository/com/google/code/gson/gson/2.8.5/gson-2.8.5.jar:/Users/athemistou/.m2/repository/org/apache/commons/commons-lang3/3.7/commons-lang3-3.7.jar:/Users/athemistou/.m2/repository/org/rauschig/jarchivelib/0.8.0/jarchivelib-0.8.0.jar:/Users/athemistou/.m2/repository/org/jsoup/jsoup/1.11.3/jsoup-1.11.3.jar:, java.specification.name=Java Platform API Specification, java.class.version=52.0, sun.management.compiler=HotSpot 64-Bit Tiered Compilers, os.version=10.12.6, user.home=/Users/athemistou, user.timezone=Europe/London, java.awt.printerjob=sun.lwawt.macosx.CPrinterJob, file.encoding=UTF-8, java.specification.version=1.8, java.class.path=/Users/athemistou/Workspace/fr-obri-exercise/forgerock-openbanking-excercise-tpp/target/test-classes:/Users/athemistou/Workspace/fr-obri-exercise/forgerock-openbanking-excercise-tpp/target/classes:/Users/athemistou/.m2/repository/org/springframework/boot/spring-boot-starter-test/2.0.4.RELEASE/spring-boot-starter-test-2.0.4.RELEASE.jar:/Users/athemistou/.m2/repository/org/springframework/boot/spring-boot-starter/2.0.4.RELEASE/spring-boot-starter-2.0.4.RELEASE.jar:/Users/athemistou/.m2/repository/org/springframework/boot/spring-boot/2.0.4.RELEASE/spring-boot-2.0.4.RELEASE.jar:/Users/athemistou/.m2/repository/org/springframework/boot/spring-boot-autoconfigure/2.0.4.RELEASE/spring-boot-autoconfigure-2.0.4.RELEASE.jar:/Users/athemistou/.m2/repository/org/springframework/boot/spring-boot-starter-logging/2.0.4.RELEASE/spring-boot-starter-logging-2.0.4.RELEASE.jar:/Users/athemistou/.m2/repository/ch/qos/logback/logback-classic/1.2.3/logback-classic-1.2.3.jar:/Users/athemistou/.m2/repository/org/apache/logging/log4j/log4j-to-slf4j/2.10.0/log4j-to-slf4j-2.10.0.jar:/Users/athemistou/.m2/repository/org/apache/logging/log4j/log4j-api/2.10.0/log4j-api-2.10.0.jar:/Users/athemistou/.m2/repository/org/slf4j/jul-to-slf4j/1.7.6/jul-to-slf4j-1.7.6.jar:/Users/athemistou/.m2/repository/javax/annotation/javax.annotation-api/1.3.2/javax.annotation-api-1.3.2.jar:/Users/athemistou/.m2/repository/org/yaml/snakeyaml/1.19/snakeyaml-1.19.jar:/Users/athemistou/.m2/repository/org/springframework/boot/spring-boot-test/2.0.4.RELEASE/spring-boot-test-2.0.4.RELEASE.jar:/Users/athemistou/.m2/repository/org/springframework/boot/spring-boot-test-autoconfigure/2.0.4.RELEASE/spring-boot-test-autoconfigure-2.0.4.RELEASE.jar:/Users/athemistou/.m2/repository/com/jayway/jsonpath/json-path/2.4.0/json-path-2.4.0.jar:/Users/athemistou/.m2/repository/org/assertj/assertj-core/3.9.1/assertj-core-3.9.1.jar:/Users/athemistou/.m2/repository/org/mockito/mockito-core/2.15.0/mockito-core-2.15.0.jar:/Users/athemistou/.m2/repository/net/bytebuddy/byte-buddy-agent/1.7.11/byte-buddy-agent-1.7.11.jar:/Users/athemistou/.m2/repository/org/objenesis/objenesis/2.6/objenesis-2.6.jar:/Users/athemistou/.m2/repository/org/hamcrest/hamcrest-core/1.3/hamcrest-core-1.3.jar:/Users/athemistou/.m2/repository/org/hamcrest/hamcrest-library/1.3/hamcrest-library-1.3.jar:/Users/athemistou/.m2/repository/org/skyscreamer/jsonassert/1.5.0/jsonassert-1.5.0.jar:/Users/athemistou/.m2/repository/com/vaadin/external/google/android-json/0.0.20131108.vaadin1/android-json-0.0.20131108.vaadin1.jar:/Users/athemistou/.m2/repository/org/springframework/spring-core/5.0.8.RELEASE/spring-core-5.0.8.RELEASE.jar:/Users/athemistou/.m2/repository/org/springframework/spring-jcl/5.0.8.RELEASE/spring-jcl-5.0.8.RELEASE.jar:/Users/athemistou/.m2/repository/org/springframework/spring-test/5.0.8.RELEASE/spring-test-5.0.8.RELEASE.jar:/Users/athemistou/.m2/repository/org/xmlunit/xmlunit-core/2.5.1/xmlunit-core-2.5.1.jar:/Users/athemistou/.m2/repository/org/springframework/restdocs/spring-restdocs-mockmvc/2.0.2.RELEASE/spring-restdocs-mockmvc-2.0.2.RELEASE.jar:/Users/athemistou/.m2/repository/javax/servlet/javax.servlet-api/3.1.0/javax.servlet-api-3.1.0.jar:/Users/athemistou/.m2/repository/org/springframework/restdocs/spring-restdocs-core/2.0.2.RELEASE/spring-restdocs-core-2.0.2.RELEASE.jar:/Users/athemistou/.m2/repository/org/springframework/spring-webmvc/5.0.8.RELEASE/spring-webmvc-5.0.8.RELEASE.jar:/Users/athemistou/.m2/repository/org/springframework/spring-aop/5.0.8.RELEASE/spring-aop-5.0.8.RELEASE.jar:/Users/athemistou/.m2/repository/org/springframework/spring-beans/5.0.8.RELEASE/spring-beans-5.0.8.RELEASE.jar:/Users/athemistou/.m2/repository/org/springframework/spring-context/5.0.8.RELEASE/spring-context-5.0.8.RELEASE.jar:/Users/athemistou/.m2/repository/org/springframework/spring-expression/5.0.8.RELEASE/spring-expression-5.0.8.RELEASE.jar:/Users/athemistou/.m2/repository/com/nimbusds/nimbus-jose-jwt/6.0/nimbus-jose-jwt-6.0.jar:/Users/athemistou/.m2/repository/com/github/stephenc/jcip/jcip-annotations/1.0-1/jcip-annotations-1.0-1.jar:/Users/athemistou/.m2/repository/net/minidev/json-smart/2.3/json-smart-2.3.jar:/Users/athemistou/.m2/repository/net/minidev/accessors-smart/1.2/accessors-smart-1.2.jar:/Users/athemistou/.m2/repository/org/ow2/asm/asm/5.0.4/asm-5.0.4.jar:/Users/athemistou/.m2/repository/org/bouncycastle/bcprov-jdk15on/1.58/bcprov-jdk15on-1.58.jar:/Users/athemistou/.m2/repository/org/slf4j/slf4j-api/1.7.6/slf4j-api-1.7.6.jar:/Users/athemistou/.m2/repository/org/springframework/boot/spring-boot-starter-data-mongodb/2.0.4.RELEASE/spring-boot-starter-data-mongodb-2.0.4.RELEASE.jar:/Users/athemistou/.m2/repository/org/mongodb/mongodb-driver/3.6.4/mongodb-driver-3.6.4.jar:/Users/athemistou/.m2/repository/org/mongodb/bson/3.6.4/bson-3.6.4.jar:/Users/athemistou/.m2/repository/org/mongodb/mongodb-driver-core/3.6.4/mongodb-driver-core-3.6.4.jar:/Users/athemistou/.m2/repository/org/springframework/data/spring-data-mongodb/2.0.9.RELEASE/spring-data-mongodb-2.0.9.RELEASE.jar:/Users/athemistou/.m2/repository/org/springframework/spring-tx/5.0.8.RELEASE/spring-tx-5.0.8.RELEASE.jar:/Users/athemistou/.m2/repository/org/springframework/data/spring-data-commons/2.0.9.RELEASE/spring-data-commons-2.0.9.RELEASE.jar:/Users/athemistou/.m2/repository/de/flapdoodle/embed/de.flapdoodle.embed.mongo/2.0.3/de.flapdoodle.embed.mongo-2.0.3.jar:/Users/athemistou/.m2/repository/de/flapdoodle/embed/de.flapdoodle.embed.process/2.0.2/de.flapdoodle.embed.process-2.0.2.jar:/Users/athemistou/.m2/repository/net/java/dev/jna/jna/4.5.2/jna-4.5.2.jar:/Users/athemistou/.m2/repository/net/java/dev/jna/jna-platform/4.5.2/jna-platform-4.5.2.jar:/Users/athemistou/.m2/repository/org/apache/commons/commons-compress/1.10/commons-compress-1.10.jar:/Users/athemistou/.m2/repository/cz/jirutka/spring/embedmongo-spring/1.3.1/embedmongo-spring-1.3.1.jar:/Users/athemistou/.m2/repository/org/mongodb/mongo-java-driver/3.6.4/mongo-java-driver-3.6.4.jar:/Users/athemistou/.m2/repository/org/springframework/boot/spring-boot-starter-thymeleaf/2.0.4.RELEASE/spring-boot-starter-thymeleaf-2.0.4.RELEASE.jar:/Users/athemistou/.m2/repository/org/thymeleaf/thymeleaf-spring5/3.0.9.RELEASE/thymeleaf-spring5-3.0.9.RELEASE.jar:/Users/athemistou/.m2/repository/org/thymeleaf/thymeleaf/3.0.9.RELEASE/thymeleaf-3.0.9.RELEASE.jar:/Users/athemistou/.m2/repository/org/attoparser/attoparser/2.0.4.RELEASE/attoparser-2.0.4.RELEASE.jar:/Users/athemistou/.m2/repository/org/unbescape/unbescape/1.1.5.RELEASE/unbescape-1.1.5.RELEASE.jar:/Users/athemistou/.m2/repository/org/thymeleaf/extras/thymeleaf-extras-java8time/3.0.1.RELEASE/thymeleaf-extras-java8time-3.0.1.RELEASE.jar:/Users/athemistou/.m2/repository/uk/org/openbanking/openbanking-sdk/2.0.0.7/openbanking-sdk-2.0.0.7.jar:/Users/athemistou/.m2/repository/com/fasterxml/jackson/core/jackson-databind/2.9.6/jackson-databind-2.9.6.jar:/Users/athemistou/.m2/repository/com/fasterxml/jackson/core/jackson-annotations/2.9.0/jackson-annotations-2.9.0.jar:/Users/athemistou/.m2/repository/com/fasterxml/jackson/core/jackson-core/2.9.6/jackson-core-2.9.6.jar:/Users/athemistou/.m2/repository/io/springfox/springfox-swagger2/2.9.2/springfox-swagger2-2.9.2.jar:/Users/athemistou/.m2/repository/io/swagger/swagger-annotations/1.5.20/swagger-annotations-1.5.20.jar:/Users/athemistou/.m2/repository/io/swagger/swagger-models/1.5.20/swagger-models-1.5.20.jar:/Users/athemistou/.m2/repository/io/springfox/springfox-spi/2.9.2/springfox-spi-2.9.2.jar:/Users/athemistou/.m2/repository/io/springfox/springfox-core/2.9.2/springfox-core-2.9.2.jar:/Users/athemistou/.m2/repository/io/springfox/springfox-schema/2.9.2/springfox-schema-2.9.2.jar:/Users/athemistou/.m2/repository/io/springfox/springfox-swagger-common/2.9.2/springfox-swagger-common-2.9.2.jar:/Users/athemistou/.m2/repository/io/springfox/springfox-spring-web/2.9.2/springfox-spring-web-2.9.2.jar:/Users/athemistou/.m2/repository/com/fasterxml/classmate/1.3.4/classmate-1.3.4.jar:/Users/athemistou/.m2/repository/org/springframework/plugin/spring-plugin-core/1.2.0.RELEASE/spring-plugin-core-1.2.0.RELEASE.jar:/Users/athemistou/.m2/repository/org/springframework/plugin/spring-plugin-metadata/1.2.0.RELEASE/spring-plugin-metadata-1.2.0.RELEASE.jar:/Users/athemistou/.m2/repository/org/mapstruct/mapstruct/1.2.0.Final/mapstruct-1.2.0.Final.jar:/Users/athemistou/.m2/repository/io/springfox/springfox-swagger-ui/2.9.2/springfox-swagger-ui-2.9.2.jar:/Users/athemistou/.m2/repository/org/springframework/boot/spring-boot-starter-web/2.0.4.RELEASE/spring-boot-starter-web-2.0.4.RELEASE.jar:/Users/athemistou/.m2/repository/org/springframework/boot/spring-boot-starter-json/2.0.4.RELEASE/spring-boot-starter-json-2.0.4.RELEASE.jar:/Users/athemistou/.m2/repository/com/fasterxml/jackson/datatype/jackson-datatype-jdk8/2.9.6/jackson-datatype-jdk8-2.9.6.jar:/Users/athemistou/.m2/repository/com/fasterxml/jackson/datatype/jackson-datatype-jsr310/2.9.6/jackson-datatype-jsr310-2.9.6.jar:/Users/athemistou/.m2/repository/com/fasterxml/jackson/module/jackson-module-parameter-names/2.9.6/jackson-module-parameter-names-2.9.6.jar:/Users/athemistou/.m2/repository/org/springframework/boot/spring-boot-starter-tomcat/2.0.4.RELEASE/spring-boot-starter-tomcat-2.0.4.RELEASE.jar:/Users/athemistou/.m2/repository/org/apache/tomcat/embed/tomcat-embed-core/8.5.32/tomcat-embed-core-8.5.32.jar:/Users/athemistou/.m2/repository/org/apache/tomcat/embed/tomcat-embed-el/8.5.32/tomcat-embed-el-8.5.32.jar:/Users/athemistou/.m2/repository/org/apache/tomcat/embed/tomcat-embed-websocket/8.5.32/tomcat-embed-websocket-8.5.32.jar:/Users/athemistou/.m2/repository/org/hibernate/validator/hibernate-validator/6.0.11.Final/hibernate-validator-6.0.11.Final.jar:/Users/athemistou/.m2/repository/javax/validation/validation-api/2.0.1.Final/validation-api-2.0.1.Final.jar:/Users/athemistou/.m2/repository/org/jboss/logging/jboss-logging/3.3.2.Final/jboss-logging-3.3.2.Final.jar:/Users/athemistou/.m2/repository/org/springframework/spring-web/5.0.8.RELEASE/spring-web-5.0.8.RELEASE.jar:/Users/athemistou/.m2/repository/joda-time/joda-time/2.9.9/joda-time-2.9.9.jar:/Users/athemistou/.m2/repository/net/logstash/logback/logstash-logback-encoder/4.11/logstash-logback-encoder-4.11.jar:/Users/athemistou/.m2/repository/ch/qos/logback/logback-core/1.2.3/logback-core-1.2.3.jar:/Users/athemistou/.m2/repository/org/apache/httpcomponents/httpclient/4.5.3/httpclient-4.5.3.jar:/Users/athemistou/.m2/repository/org/apache/httpcomponents/httpcore/4.4.10/httpcore-4.4.10.jar:/Users/athemistou/.m2/repository/commons-logging/commons-logging/1.2/commons-logging-1.2.jar:/Users/athemistou/.m2/repository/commons-codec/commons-codec/1.11/commons-codec-1.11.jar:/Users/athemistou/.m2/repository/org/seleniumhq/selenium/selenium-java/3.14.0/selenium-java-3.14.0.jar:/Users/athemistou/.m2/repository/org/seleniumhq/selenium/selenium-api/3.14.0/selenium-api-3.14.0.jar:/Users/athemistou/.m2/repository/org/seleniumhq/selenium/selenium-chrome-driver/3.14.0/selenium-chrome-driver-3.14.0.jar:/Users/athemistou/.m2/repository/org/seleniumhq/selenium/selenium-edge-driver/3.14.0/selenium-edge-driver-3.14.0.jar:/Users/athemistou/.m2/repository/org/seleniumhq/selenium/selenium-firefox-driver/3.14.0/selenium-firefox-driver-3.14.0.jar:/Users/athemistou/.m2/repository/org/seleniumhq/selenium/selenium-ie-driver/3.14.0/selenium-ie-driver-3.14.0.jar:/Users/athemistou/.m2/repository/org/seleniumhq/selenium/selenium-opera-driver/3.14.0/selenium-opera-driver-3.14.0.jar:/Users/athemistou/.m2/repository/org/seleniumhq/selenium/selenium-remote-driver/3.14.0/selenium-remote-driver-3.14.0.jar:/Users/athemistou/.m2/repository/org/seleniumhq/selenium/selenium-safari-driver/3.14.0/selenium-safari-driver-3.14.0.jar:/Users/athemistou/.m2/repository/org/seleniumhq/selenium/selenium-support/3.14.0/selenium-support-3.14.0.jar:/Users/athemistou/.m2/repository/net/bytebuddy/byte-buddy/1.7.11/byte-buddy-1.7.11.jar:/Users/athemistou/.m2/repository/org/apache/commons/commons-exec/1.3/commons-exec-1.3.jar:/Users/athemistou/.m2/repository/com/google/guava/guava/25.0-jre/guava-25.0-jre.jar:/Users/athemistou/.m2/repository/com/google/code/findbugs/jsr305/1.3.9/jsr305-1.3.9.jar:/Users/athemistou/.m2/repository/org/checkerframework/checker-compat-qual/2.0.0/checker-compat-qual-2.0.0.jar:/Users/athemistou/.m2/repository/com/google/errorprone/error_prone_annotations/2.1.3/error_prone_annotations-2.1.3.jar:/Users/athemistou/.m2/repository/com/google/j2objc/j2objc-annotations/1.1/j2objc-annotations-1.1.jar:/Users/athemistou/.m2/repository/org/codehaus/mojo/animal-sniffer-annotations/1.14/animal-sniffer-annotations-1.14.jar:/Users/athemistou/.m2/repository/com/squareup/okhttp3/okhttp/3.8.1/okhttp-3.8.1.jar:/Users/athemistou/.m2/repository/com/squareup/okio/okio/1.14.1/okio-1.14.1.jar:/Users/athemistou/.m2/repository/junit/junit/4.12/junit-4.12.jar:/Users/athemistou/.m2/repository/io/github/bonigarcia/webdrivermanager/3.0.0/webdrivermanager-3.0.0.jar:/Users/athemistou/.m2/repository/commons-io/commons-io/2.6/commons-io-2.6.jar:/Users/athemistou/.m2/repository/com/google/code/gson/gson/2.8.5/gson-2.8.5.jar:/Users/athemistou/.m2/repository/org/apache/commons/commons-lang3/3.7/commons-lang3-3.7.jar:/Users/athemistou/.m2/repository/org/rauschig/jarchivelib/0.8.0/jarchivelib-0.8.0.jar:/Users/athemistou/.m2/repository/org/jsoup/jsoup/1.11.3/jsoup-1.11.3.jar:, user.name=athemistou, java.vm.specification.version=1.8, sun.java.command=/Users/athemistou/Workspace/fr-obri-exercise/forgerock-openbanking-excercise-tpp/target/surefire/surefirebooter6184014002643845965.jar /Users/athemistou/Workspace/fr-obri-exercise/forgerock-openbanking-excercise-tpp/target/surefire 2018-09-22T16-11-10_313-jvmRun1 surefire4962163944059755532tmp surefire_0812536300822372626tmp, java.home=/Library/Java/JavaVirtualMachines/jdk1.8.0_151.jdk/Contents/Home/jre, sun.arch.data.model=64, user.language=en, java.specification.vendor=Oracle Corporation, awt.toolkit=sun.lwawt.macosx.LWCToolkit, java.vm.info=mixed mode, java.version=1.8.0_151, java.ext.dirs=/Users/athemistou/Library/Java/Extensions:/Library/Java/JavaVirtualMachines/jdk1.8.0_151.jdk/Contents/Home/jre/lib/ext:/Library/Java/Extensions:/Network/Library/Java/Extensions:/System/Library/Java/Extensions:/usr/lib/java, sun.boot.class.path=/Library/Java/JavaVirtualMachines/jdk1.8.0_151.jdk/Contents/Home/jre/lib/resources.jar:/Library/Java/JavaVirtualMachines/jdk1.8.0_151.jdk/Contents/Home/jre/lib/rt.jar:/Library/Java/JavaVirtualMachines/jdk1.8.0_151.jdk/Contents/Home/jre/lib/sunrsasign.jar:/Library/Java/JavaVirtualMachines/jdk1.8.0_151.jdk/Contents/Home/jre/lib/jsse.jar:/Library/Java/JavaVirtualMachines/jdk1.8.0_151.jdk/Contents/Home/jre/lib/jce.jar:/Library/Java/JavaVirtualMachines/jdk1.8.0_151.jdk/Contents/Home/jre/lib/charsets.jar:/Library/Java/JavaVirtualMachines/jdk1.8.0_151.jdk/Contents/Home/jre/lib/jfr.jar:/Library/Java/JavaVirtualMachines/jdk1.8.0_151.jdk/Contents/Home/jre/classes, java.vendor=Oracle Corporation, localRepository=/Users/athemistou/.m2/repository, file.separator=/, java.vendor.url.bug=http://bugreport.sun.com/bugreport/, sun.io.unicode.encoding=UnicodeBig, sun.cpu.endian=little, sun.cpu.isalist=}}, SystemEnvironmentPropertySource@195615004 {name='systemEnvironment', properties={PATH=/usr/local/bin:/usr/local/sbin:/usr/bin:/bin:/usr/sbin:/sbin, LESS_TERMCAP_se=&amp#27;[0m, LESS_TERMCAP_so=&amp#27;[00;47;30m, COLORTERM=truecolor, LOGNAME=athemistou, PWD=/Users/athemistou/Workspace/fr-obri-exercise/forgerock-openbanking-excercise-tpp, TERM_PROGRAM_VERSION=3.2.0, JAVA_MAIN_CLASS_70257=org.apache.maven.surefire.booter.ForkedBooter, SHELL=/bin/zsh, PAGER=less, OLDPWD=/Users/athemistou/Workspace/fr-obri-exercise/forgerock-openbanking-excercise-tpp, SECURITYSESSIONID=186a6, VISUAL=nano, ITERM_PROFILE=Default, TMPDIR=/var/folders/1f/0_byllp93y718xcw86mw_ypw5r19gt/T/, XPC_FLAGS=0x0, TERM_SESSION_ID=w0t0p0:8E832468-5EA6-4F3A-9C00-A3F31715738B, __CF_USER_TEXT_ENCODING=0xB80A5FA:0x0:0x0, PROMPT_EOL_MARK=, Apple_PubSub_Socket_Render=/private/tmp/com.apple.launchd.NFSzSHbnM7/Render, LESS=-F -g -i -M -R -S -w -X -z-4, LC_CTYPE=UTF-8, COLORFGBG=15;0, LS_COLORS=di=34:ln=35:so=32:pi=33:ex=31:bd=36;01:cd=33;01:su=31;40;07:sg=36;40;07:tw=32;40;07:ow=33;40;07:, SHLVL=2, LESS_TERMCAP_md=&amp#27;[01;31m, LESS_TERMCAP_me=&amp#27;[0m, BROWSER=open, LESS_TERMCAP_mb=&amp#27;[01;31m, GREP_COLOR=37;45, JAVA_HOME=/Library/Java/JavaVirtualMachines/jdk1.8.0_151.jdk/Contents/Home, LESS_TERMCAP_us=&amp#27;[01;32m, TERM=xterm-256color, LANG=en_US.UTF-8, VIRTUAL_ENV_DISABLE_PROMPT=1, COMMAND_MODE=unix2003, ITERM_SESSION_ID=w0t0p0:8E832468-5EA6-4F3A-9C00-A3F31715738B, JAVA_MAIN_CLASS_70193=org.codehaus.plexus.classworlds.launcher.Launcher, LESS_TERMCAP_ue=&amp#27;[0m, XPC_SERVICE_NAME=0, MAVEN_CMD_LINE_ARGS= clean install, _=/Library/Java/JavaVirtualMachines/jdk1.8.0_151.jdk/Contents/Home/jre/bin/java, TERM_PROGRAM=iTerm.app, LSCOLORS=exfxcxdxbxGxDxabagacad, MAVEN_PROJECTBASEDIR=/Users/athemistou/Workspace/fr-obri-exercise, USER=athemistou, SSH_AUTH_SOCK=/private/tmp/com.apple.launchd.0tm56IXcEA/Listeners, EDITOR=nano, GREP_COLORS=mt=37;45, HOME=/Users/athemistou}}]
16:11:12.379 [main] DEBUG org.springframework.core.io.support.PathMatchingResourcePatternResolver - Resolved classpath location [com/forgerock/openbanking/exercise/tpp/account/] to resources [URL [file:/Users/athemistou/Workspace/fr-obri-exercise/forgerock-openbanking-excercise-tpp/target/test-classes/com/forgerock/openbanking/exercise/tpp/account/]]
16:11:12.379 [main] DEBUG org.springframework.core.io.support.PathMatchingResourcePatternResolver - Looking for matching resources in directory tree [/Users/athemistou/Workspace/fr-obri-exercise/forgerock-openbanking-excercise-tpp/target/test-classes/com/forgerock/openbanking/exercise/tpp/account]
16:11:12.382 [main] DEBUG org.springframework.core.io.support.PathMatchingResourcePatternResolver - Searching directory [/Users/athemistou/Workspace/fr-obri-exercise/forgerock-openbanking-excercise-tpp/target/test-classes/com/forgerock/openbanking/exercise/tpp/account] for files matching pattern [/Users/athemistou/Workspace/fr-obri-exercise/forgerock-openbanking-excercise-tpp/target/test-classes/com/forgerock/openbanking/exercise/tpp/account/*.class]
16:11:12.396 [main] DEBUG org.springframework.core.io.support.PathMatchingResourcePatternResolver - Resolved location pattern [classpath*:com/forgerock/openbanking/exercise/tpp/account/*.class] to resources [file [/Users/athemistou/Workspace/fr-obri-exercise/forgerock-openbanking-excercise-tpp/target/test-classes/com/forgerock/openbanking/exercise/tpp/account/AccountsApiTest.class]]
16:11:12.474 [main] DEBUG org.springframework.core.io.support.PathMatchingResourcePatternResolver - Resolved classpath location [com/forgerock/openbanking/exercise/tpp/] to resources [URL [file:/Users/athemistou/Workspace/fr-obri-exercise/forgerock-openbanking-excercise-tpp/target/test-classes/com/forgerock/openbanking/exercise/tpp/], URL [file:/Users/athemistou/Workspace/fr-obri-exercise/forgerock-openbanking-excercise-tpp/target/classes/com/forgerock/openbanking/exercise/tpp/]]
16:11:12.475 [main] DEBUG org.springframework.core.io.support.PathMatchingResourcePatternResolver - Looking for matching resources in directory tree [/Users/athemistou/Workspace/fr-obri-exercise/forgerock-openbanking-excercise-tpp/target/test-classes/com/forgerock/openbanking/exercise/tpp]
16:11:12.477 [main] DEBUG org.springframework.core.io.support.PathMatchingResourcePatternResolver - Searching directory [/Users/athemistou/Workspace/fr-obri-exercise/forgerock-openbanking-excercise-tpp/target/test-classes/com/forgerock/openbanking/exercise/tpp] for files matching pattern [/Users/athemistou/Workspace/fr-obri-exercise/forgerock-openbanking-excercise-tpp/target/test-classes/com/forgerock/openbanking/exercise/tpp/*.class]
16:11:12.481 [main] DEBUG org.springframework.core.io.support.PathMatchingResourcePatternResolver - Looking for matching resources in directory tree [/Users/athemistou/Workspace/fr-obri-exercise/forgerock-openbanking-excercise-tpp/target/classes/com/forgerock/openbanking/exercise/tpp]
16:11:12.483 [main] DEBUG org.springframework.core.io.support.PathMatchingResourcePatternResolver - Searching directory [/Users/athemistou/Workspace/fr-obri-exercise/forgerock-openbanking-excercise-tpp/target/classes/com/forgerock/openbanking/exercise/tpp] for files matching pattern [/Users/athemistou/Workspace/fr-obri-exercise/forgerock-openbanking-excercise-tpp/target/classes/com/forgerock/openbanking/exercise/tpp/*.class]
16:11:12.485 [main] DEBUG org.springframework.core.io.support.PathMatchingResourcePatternResolver - Resolved location pattern [classpath*:com/forgerock/openbanking/exercise/tpp/*.class] to resources [file [/Users/athemistou/Workspace/fr-obri-exercise/forgerock-openbanking-excercise-tpp/target/test-classes/com/forgerock/openbanking/exercise/tpp/ApiDocumentationIntegrationTest.class], file [/Users/athemistou/Workspace/fr-obri-exercise/forgerock-openbanking-excercise-tpp/target/classes/com/forgerock/openbanking/exercise/tpp/Main.class]]
16:11:12.592 [main] DEBUG org.springframework.context.annotation.ClassPathScanningCandidateComponentProvider - Identified candidate component class: file [/Users/athemistou/Workspace/fr-obri-exercise/forgerock-openbanking-excercise-tpp/target/classes/com/forgerock/openbanking/exercise/tpp/Main.class]
16:11:12.594 [main] INFO org.springframework.boot.test.context.SpringBootTestContextBootstrapper - Found @SpringBootConfiguration com.forgerock.openbanking.exercise.tpp.Main for test class com.forgerock.openbanking.exercise.tpp.account.AccountsApiTest
16:11:12.876 [main] DEBUG org.springframework.boot.test.context.SpringBootTestContextBootstrapper - @TestExecutionListeners is not present for class [com.forgerock.openbanking.exercise.tpp.account.AccountsApiTest]: using defaults.
16:11:12.877 [main] INFO org.springframework.boot.test.context.SpringBootTestContextBootstrapper - Loaded default TestExecutionListener class names from location [META-INF/spring.factories]: [org.springframework.boot.test.mock.mockito.MockitoTestExecutionListener, org.springframework.boot.test.mock.mockito.ResetMocksTestExecutionListener, org.springframework.boot.test.autoconfigure.restdocs.RestDocsTestExecutionListener, org.springframework.boot.test.autoconfigure.web.client.MockRestServiceServerResetTestExecutionListener, org.springframework.boot.test.autoconfigure.web.servlet.MockMvcPrintOnlyOnFailureTestExecutionListener, org.springframework.boot.test.autoconfigure.web.servlet.WebDriverTestExecutionListener, org.springframework.test.context.web.ServletTestExecutionListener, org.springframework.test.context.support.DirtiesContextBeforeModesTestExecutionListener, org.springframework.test.context.support.DependencyInjectionTestExecutionListener, org.springframework.test.context.support.DirtiesContextTestExecutionListener, org.springframework.test.context.transaction.TransactionalTestExecutionListener, org.springframework.test.context.jdbc.SqlScriptsTestExecutionListener]
16:11:12.895 [main] INFO org.springframework.boot.test.context.SpringBootTestContextBootstrapper - Using TestExecutionListeners: [org.springframework.test.context.web.ServletTestExecutionListener@71c3b41, org.springframework.test.context.support.DirtiesContextBeforeModesTestExecutionListener@236e3f4e, org.springframework.boot.test.mock.mockito.MockitoTestExecutionListener@3cc1435c, org.springframework.boot.test.autoconfigure.SpringBootDependencyInjectionTestExecutionListener@6bf0219d, org.springframework.test.context.support.DirtiesContextTestExecutionListener@dd0c991, org.springframework.test.context.transaction.TransactionalTestExecutionListener@5f16132a, org.springframework.test.context.jdbc.SqlScriptsTestExecutionListener@69fb6037, org.springframework.boot.test.mock.mockito.ResetMocksTestExecutionListener@36d585c, org.springframework.boot.test.autoconfigure.restdocs.RestDocsTestExecutionListener@87a85e1, org.springframework.boot.test.autoconfigure.web.client.MockRestServiceServerResetTestExecutionListener@671a5887, org.springframework.boot.test.autoconfigure.web.servlet.MockMvcPrintOnlyOnFailureTestExecutionListener@5552768b, org.springframework.boot.test.autoconfigure.web.servlet.WebDriverTestExecutionListener@3c947bc5]
16:11:12.898 [main] DEBUG org.springframework.test.annotation.ProfileValueUtils - Retrieved @ProfileValueSourceConfiguration [null] for test class [com.forgerock.openbanking.exercise.tpp.account.AccountsApiTest]
16:11:12.900 [main] DEBUG org.springframework.test.annotation.ProfileValueUtils - Retrieved ProfileValueSource type [class org.springframework.test.annotation.SystemProfileValueSource] for class [com.forgerock.openbanking.exercise.tpp.account.AccountsApiTest]
16:11:12.902 [main] DEBUG org.springframework.test.annotation.ProfileValueUtils - Retrieved @ProfileValueSourceConfiguration [null] for test class [com.forgerock.openbanking.exercise.tpp.account.AccountsApiTest]
16:11:12.903 [main] DEBUG org.springframework.test.annotation.ProfileValueUtils - Retrieved ProfileValueSource type [class org.springframework.test.annotation.SystemProfileValueSource] for class [com.forgerock.openbanking.exercise.tpp.account.AccountsApiTest]
16:11:12.904 [main] DEBUG org.springframework.test.annotation.ProfileValueUtils - Retrieved @ProfileValueSourceConfiguration [null] for test class [com.forgerock.openbanking.exercise.tpp.account.AccountsApiTest]
16:11:12.905 [main] DEBUG org.springframework.test.annotation.ProfileValueUtils - Retrieved ProfileValueSource type [class org.springframework.test.annotation.SystemProfileValueSource] for class [com.forgerock.openbanking.exercise.tpp.account.AccountsApiTest]
]]></system-out>
  </testcase>
</testsuite>