<?xml version="1.0" encoding="UTF-8"?>
<testsuite xmlns:xsi="http://www.w3.org/2001/XMLSchema-instance" xsi:noNamespaceSchemaLocation="https://maven.apache.org/surefire/maven-surefire-plugin/xsd/surefire-test-report.xsd" name="com.forgerock.openbanking.exercise.tpp.accountrequest.AccountRequestApiTest" time="29.111" tests="1" errors="1" skipped="0" failures="0">
  <properties>
[...]
</properties>
  <testcase name="initiateAccountRequest" classname="com.forgerock.openbanking.exercise.tpp.accountrequest.AccountRequestApiTest" time="19.271">
    <error type="java.lang.NullPointerException">java.lang.NullPointerException
	at com.forgerock.openbanking.exercise.tpp.accountrequest.AccountRequestApiTest.initiateAccountRequest(AccountRequestApiTest.java:44)
</error>
    <system-out><![CDATA[16:11:12.913 [main] DEBUG org.springframework.test.context.junit4.SpringJUnit4ClassRunner - SpringJUnit4ClassRunner constructor called with [class com.forgerock.openbanking.exercise.tpp.accountrequest.AccountRequestApiTest]
16:11:12.915 [main] DEBUG org.springframework.test.context.BootstrapUtils - Instantiating CacheAwareContextLoaderDelegate from class [org.springframework.test.context.cache.DefaultCacheAwareContextLoaderDelegate]
16:11:12.915 [main] DEBUG org.springframework.test.context.BootstrapUtils - Instantiating BootstrapContext using constructor [public org.springframework.test.context.support.DefaultBootstrapContext(java.lang.Class,org.springframework.test.context.CacheAwareContextLoaderDelegate)]
16:11:13.015 [main] DEBUG org.springframework.test.context.BootstrapUtils - Instantiating TestContextBootstrapper for test class [com.forgerock.openbanking.exercise.tpp.accountrequest.AccountRequestApiTest] from class [org.springframework.boot.test.context.SpringBootTestContextBootstrapper]
16:11:13.017 [main] INFO org.springframework.boot.test.context.SpringBootTestContextBootstrapper - Neither @ContextConfiguration nor @ContextHierarchy found for test class [com.forgerock.openbanking.exercise.tpp.accountrequest.AccountRequestApiTest], using SpringBootContextLoader
16:11:13.018 [main] DEBUG org.springframework.test.context.support.AbstractContextLoader - Did not detect default resource location for test class [com.forgerock.openbanking.exercise.tpp.accountrequest.AccountRequestApiTest]: class path resource [com/forgerock/openbanking/exercise/tpp/accountrequest/AccountRequestApiTest-context.xml] does not exist
16:11:13.019 [main] DEBUG org.springframework.test.context.support.AbstractContextLoader - Did not detect default resource location for test class [com.forgerock.openbanking.exercise.tpp.accountrequest.AccountRequestApiTest]: class path resource [com/forgerock/openbanking/exercise/tpp/accountrequest/AccountRequestApiTestContext.groovy] does not exist
16:11:13.019 [main] INFO org.springframework.test.context.support.AbstractContextLoader - Could not detect default resource locations for test class [com.forgerock.openbanking.exercise.tpp.accountrequest.AccountRequestApiTest]: no resource found for suffixes {-context.xml, Context.groovy}.
16:11:13.019 [main] INFO org.springframework.test.context.support.AnnotationConfigContextLoaderUtils - Could not detect default configuration classes for test class [com.forgerock.openbanking.exercise.tpp.accountrequest.AccountRequestApiTest]: AccountRequestApiTest does not declare any static, non-private, non-final, nested classes annotated with @Configuration.
16:11:13.026 [main] DEBUG org.springframework.test.context.support.ActiveProfilesUtils - Could not find an 'annotation declaring class' for annotation type [org.springframework.test.context.ActiveProfiles] and class [com.forgerock.openbanking.exercise.tpp.accountrequest.AccountRequestApiTest]
16:11:13.026 [main] DEBUG org.springframework.core.env.StandardEnvironment - Adding PropertySource 'systemProperties' with lowest search precedence
16:11:13.026 [main] DEBUG org.springframework.core.env.StandardEnvironment - Adding PropertySource 'systemEnvironment' with lowest search precedence
16:11:13.027 [main] DEBUG org.springframework.core.env.StandardEnvironment - Initialized StandardEnvironment with PropertySources [MapPropertySource@1311146128 {name='systemProperties', properties={java.runtime.name=Java(TM) SE Runtime Environment, sun.boot.library.path=/Library/Java/JavaVirtualMachines/jdk1.8.0_151.jdk/Contents/Home/jre/lib, java.vm.version=25.151-b12, user.country.format=EN, gopherProxySet=false, java.vm.vendor=Oracle Corporation, java.vendor.url=http://java.oracle.com/, path.separator=:, java.vm.name=Java HotSpot(TM) 64-Bit Server VM, file.encoding.pkg=sun.io, user.country=US, sun.java.launcher=SUN_STANDARD, sun.os.patch.level=unknown, java.vm.specification.name=Java Virtual Machine Specification, user.dir=/Users/athemistou/Workspace/fr-obri-exercise/forgerock-openbanking-excercise-tpp, java.runtime.version=1.8.0_151-b12, basedir=/Users/athemistou/Workspace/fr-obri-exercise/forgerock-openbanking-excercise-tpp, java.awt.graphicsenv=sun.awt.CGraphicsEnvironment, java.endorsed.dirs=/Library/Java/JavaVirtualMachines/jdk1.8.0_151.jdk/Contents/Home/jre/lib/endorsed, os.arch=x86_64, surefire.real.class.path=/Users/athemistou/Workspace/fr-obri-exercise/forgerock-openbanking-excercise-tpp/target/surefire/surefirebooter6184014002643845965.jar, java.io.tmpdir=/var/folders/1f/0_byllp93y718xcw86mw_ypw5r19gt/T/, line.separator=
, java.vm.specification.vendor=Oracle Corporation, os.name=Mac OS X, sun.jnu.encoding=UTF-8, java.library.path=/Users/athemistou/Library/Java/Extensions:/Library/Java/Extensions:/Network/Library/Java/Extensions:/System/Library/Java/Extensions:/usr/lib/java:., surefire.test.class.path=/Users/athemistou/Workspace/fr-obri-exercise/forgerock-openbanking-excercise-tpp/target/test-classes:/Users/athemistou/Workspace/fr-obri-exercise/forgerock-openbanking-excercise-tpp/target/classes:/Users/athemistou/.m2/repository/org/springframework/boot/spring-boot-starter-test/2.0.4.RELEASE/spring-boot-starter-test-2.0.4.RELEASE.jar:/Users/athemistou/.m2/repository/org/springframework/boot/spring-boot-starter/2.0.4.RELEASE/spring-boot-starter-2.0.4.RELEASE.jar:/Users/athemistou/.m2/repository/org/springframework/boot/spring-boot/2.0.4.RELEASE/spring-boot-2.0.4.RELEASE.jar:/Users/athemistou/.m2/repository/org/springframework/boot/spring-boot-autoconfigure/2.0.4.RELEASE/spring-boot-autoconfigure-2.0.4.RELEASE.jar:/Users/athemistou/.m2/repository/org/springframework/boot/spring-boot-starter-logging/2.0.4.RELEASE/spring-boot-starter-logging-2.0.4.RELEASE.jar:/Users/athemistou/.m2/repository/ch/qos/logback/logback-classic/1.2.3/logback-classic-1.2.3.jar:/Users/athemistou/.m2/repository/org/apache/logging/log4j/log4j-to-slf4j/2.10.0/log4j-to-slf4j-2.10.0.jar:/Users/athemistou/.m2/repository/org/apache/logging/log4j/log4j-api/2.10.0/log4j-api-2.10.0.jar:/Users/athemistou/.m2/repository/org/slf4j/jul-to-slf4j/1.7.6/jul-to-slf4j-1.7.6.jar:/Users/athemistou/.m2/repository/javax/annotation/javax.annotation-api/1.3.2/javax.annotation-api-1.3.2.jar:/Users/athemistou/.m2/repository/org/yaml/snakeyaml/1.19/snakeyaml-1.19.jar:/Users/athemistou/.m2/repository/org/springframework/boot/spring-boot-test/2.0.4.RELEASE/spring-boot-test-2.0.4.RELEASE.jar:/Users/athemistou/.m2/repository/org/springframework/boot/spring-boot-test-autoconfigure/2.0.4.RELEASE/spring-boot-test-autoconfigure-2.0.4.RELEASE.jar:/Users/athemistou/.m2/repository/com/jayway/jsonpath/json-path/2.4.0/json-path-2.4.0.jar:/Users/athemistou/.m2/repository/org/assertj/assertj-core/3.9.1/assertj-core-3.9.1.jar:/Users/athemistou/.m2/repository/org/mockito/mockito-core/2.15.0/mockito-core-2.15.0.jar:/Users/athemistou/.m2/repository/net/bytebuddy/byte-buddy-agent/1.7.11/byte-buddy-agent-1.7.11.jar:/Users/athemistou/.m2/repository/org/objenesis/objenesis/2.6/objenesis-2.6.jar:/Users/athemistou/.m2/repository/org/hamcrest/hamcrest-core/1.3/hamcrest-core-1.3.jar:/Users/athemistou/.m2/repository/org/hamcrest/hamcrest-library/1.3/hamcrest-library-1.3.jar:/Users/athemistou/.m2/repository/org/skyscreamer/jsonassert/1.5.0/jsonassert-1.5.0.jar:/Users/athemistou/.m2/repository/com/vaadin/external/google/android-json/0.0.20131108.vaadin1/android-json-0.0.20131108.vaadin1.jar:/Users/athemistou/.m2/repository/org/springframework/spring-core/5.0.8.RELEASE/spring-core-5.0.8.RELEASE.jar:/Users/athemistou/.m2/repository/org/springframework/spring-jcl/5.0.8.RELEASE/spring-jcl-5.0.8.RELEASE.jar:/Users/athemistou/.m2/repository/org/springframework/spring-test/5.0.8.RELEASE/spring-test-5.0.8.RELEASE.jar:/Users/athemistou/.m2/repository/org/xmlunit/xmlunit-core/2.5.1/xmlunit-core-2.5.1.jar:/Users/athemistou/.m2/repository/org/springframework/restdocs/spring-restdocs-mockmvc/2.0.2.RELEASE/spring-restdocs-mockmvc-2.0.2.RELEASE.jar:/Users/athemistou/.m2/repository/javax/servlet/javax.servlet-api/3.1.0/javax.servlet-api-3.1.0.jar:/Users/athemistou/.m2/repository/org/springframework/restdocs/spring-restdocs-core/2.0.2.RELEASE/spring-restdocs-core-2.0.2.RELEASE.jar:/Users/athemistou/.m2/repository/org/springframework/spring-webmvc/5.0.8.RELEASE/spring-webmvc-5.0.8.RELEASE.jar:/Users/athemistou/.m2/repository/org/springframework/spring-aop/5.0.8.RELEASE/spring-aop-5.0.8.RELEASE.jar:/Users/athemistou/.m2/repository/org/springframework/spring-beans/5.0.8.RELEASE/spring-beans-5.0.8.RELEASE.jar:/Users/athemistou/.m2/repository/org/springframework/spring-context/5.0.8.RELEASE/spring-context-5.0.8.RELEASE.jar:/Users/athemistou/.m2/repository/org/springframework/spring-expression/5.0.8.RELEASE/spring-expression-5.0.8.RELEASE.jar:/Users/athemistou/.m2/repository/com/nimbusds/nimbus-jose-jwt/6.0/nimbus-jose-jwt-6.0.jar:/Users/athemistou/.m2/repository/com/github/stephenc/jcip/jcip-annotations/1.0-1/jcip-annotations-1.0-1.jar:/Users/athemistou/.m2/repository/net/minidev/json-smart/2.3/json-smart-2.3.jar:/Users/athemistou/.m2/repository/net/minidev/accessors-smart/1.2/accessors-smart-1.2.jar:/Users/athemistou/.m2/repository/org/ow2/asm/asm/5.0.4/asm-5.0.4.jar:/Users/athemistou/.m2/repository/org/bouncycastle/bcprov-jdk15on/1.58/bcprov-jdk15on-1.58.jar:/Users/athemistou/.m2/repository/org/slf4j/slf4j-api/1.7.6/slf4j-api-1.7.6.jar:/Users/athemistou/.m2/repository/org/springframework/boot/spring-boot-starter-data-mongodb/2.0.4.RELEASE/spring-boot-starter-data-mongodb-2.0.4.RELEASE.jar:/Users/athemistou/.m2/repository/org/mongodb/mongodb-driver/3.6.4/mongodb-driver-3.6.4.jar:/Users/athemistou/.m2/repository/org/mongodb/bson/3.6.4/bson-3.6.4.jar:/Users/athemistou/.m2/repository/org/mongodb/mongodb-driver-core/3.6.4/mongodb-driver-core-3.6.4.jar:/Users/athemistou/.m2/repository/org/springframework/data/spring-data-mongodb/2.0.9.RELEASE/spring-data-mongodb-2.0.9.RELEASE.jar:/Users/athemistou/.m2/repository/org/springframework/spring-tx/5.0.8.RELEASE/spring-tx-5.0.8.RELEASE.jar:/Users/athemistou/.m2/repository/org/springframework/data/spring-data-commons/2.0.9.RELEASE/spring-data-commons-2.0.9.RELEASE.jar:/Users/athemistou/.m2/repository/de/flapdoodle/embed/de.flapdoodle.embed.mongo/2.0.3/de.flapdoodle.embed.mongo-2.0.3.jar:/Users/athemistou/.m2/repository/de/flapdoodle/embed/de.flapdoodle.embed.process/2.0.2/de.flapdoodle.embed.process-2.0.2.jar:/Users/athemistou/.m2/repository/net/java/dev/jna/jna/4.5.2/jna-4.5.2.jar:/Users/athemistou/.m2/repository/net/java/dev/jna/jna-platform/4.5.2/jna-platform-4.5.2.jar:/Users/athemistou/.m2/repository/org/apache/commons/commons-compress/1.10/commons-compress-1.10.jar:/Users/athemistou/.m2/repository/cz/jirutka/spring/embedmongo-spring/1.3.1/embedmongo-spring-1.3.1.jar:/Users/athemistou/.m2/repository/org/mongodb/mongo-java-driver/3.6.4/mongo-java-driver-3.6.4.jar:/Users/athemistou/.m2/repository/org/springframework/boot/spring-boot-starter-thymeleaf/2.0.4.RELEASE/spring-boot-starter-thymeleaf-2.0.4.RELEASE.jar:/Users/athemistou/.m2/repository/org/thymeleaf/thymeleaf-spring5/3.0.9.RELEASE/thymeleaf-spring5-3.0.9.RELEASE.jar:/Users/athemistou/.m2/repository/org/thymeleaf/thymeleaf/3.0.9.RELEASE/thymeleaf-3.0.9.RELEASE.jar:/Users/athemistou/.m2/repository/org/attoparser/attoparser/2.0.4.RELEASE/attoparser-2.0.4.RELEASE.jar:/Users/athemistou/.m2/repository/org/unbescape/unbescape/1.1.5.RELEASE/unbescape-1.1.5.RELEASE.jar:/Users/athemistou/.m2/repository/org/thymeleaf/extras/thymeleaf-extras-java8time/3.0.1.RELEASE/thymeleaf-extras-java8time-3.0.1.RELEASE.jar:/Users/athemistou/.m2/repository/uk/org/openbanking/openbanking-sdk/2.0.0.7/openbanking-sdk-2.0.0.7.jar:/Users/athemistou/.m2/repository/com/fasterxml/jackson/core/jackson-databind/2.9.6/jackson-databind-2.9.6.jar:/Users/athemistou/.m2/repository/com/fasterxml/jackson/core/jackson-annotations/2.9.0/jackson-annotations-2.9.0.jar:/Users/athemistou/.m2/repository/com/fasterxml/jackson/core/jackson-core/2.9.6/jackson-core-2.9.6.jar:/Users/athemistou/.m2/repository/io/springfox/springfox-swagger2/2.9.2/springfox-swagger2-2.9.2.jar:/Users/athemistou/.m2/repository/io/swagger/swagger-annotations/1.5.20/swagger-annotations-1.5.20.jar:/Users/athemistou/.m2/repository/io/swagger/swagger-models/1.5.20/swagger-models-1.5.20.jar:/Users/athemistou/.m2/repository/io/springfox/springfox-spi/2.9.2/springfox-spi-2.9.2.jar:/Users/athemistou/.m2/repository/io/springfox/springfox-core/2.9.2/springfox-core-2.9.2.jar:/Users/athemistou/.m2/repository/io/springfox/springfox-schema/2.9.2/springfox-schema-2.9.2.jar:/Users/athemistou/.m2/repository/io/springfox/springfox-swagger-common/2.9.2/springfox-swagger-common-2.9.2.jar:/Users/athemistou/.m2/repository/io/springfox/springfox-spring-web/2.9.2/springfox-spring-web-2.9.2.jar:/Users/athemistou/.m2/repository/com/fasterxml/classmate/1.3.4/classmate-1.3.4.jar:/Users/athemistou/.m2/repository/org/springframework/plugin/spring-plugin-core/1.2.0.RELEASE/spring-plugin-core-1.2.0.RELEASE.jar:/Users/athemistou/.m2/repository/org/springframework/plugin/spring-plugin-metadata/1.2.0.RELEASE/spring-plugin-metadata-1.2.0.RELEASE.jar:/Users/athemistou/.m2/repository/org/mapstruct/mapstruct/1.2.0.Final/mapstruct-1.2.0.Final.jar:/Users/athemistou/.m2/repository/io/springfox/springfox-swagger-ui/2.9.2/springfox-swagger-ui-2.9.2.jar:/Users/athemistou/.m2/repository/org/springframework/boot/spring-boot-starter-web/2.0.4.RELEASE/spring-boot-starter-web-2.0.4.RELEASE.jar:/Users/athemistou/.m2/repository/org/springframework/boot/spring-boot-starter-json/2.0.4.RELEASE/spring-boot-starter-json-2.0.4.RELEASE.jar:/Users/athemistou/.m2/repository/com/fasterxml/jackson/datatype/jackson-datatype-jdk8/2.9.6/jackson-datatype-jdk8-2.9.6.jar:/Users/athemistou/.m2/repository/com/fasterxml/jackson/datatype/jackson-datatype-jsr310/2.9.6/jackson-datatype-jsr310-2.9.6.jar:/Users/athemistou/.m2/repository/com/fasterxml/jackson/module/jackson-module-parameter-names/2.9.6/jackson-module-parameter-names-2.9.6.jar:/Users/athemistou/.m2/repository/org/springframework/boot/spring-boot-starter-tomcat/2.0.4.RELEASE/spring-boot-starter-tomcat-2.0.4.RELEASE.jar:/Users/athemistou/.m2/repository/org/apache/tomcat/embed/tomcat-embed-core/8.5.32/tomcat-embed-core-8.5.32.jar:/Users/athemistou/.m2/repository/org/apache/tomcat/embed/tomcat-embed-el/8.5.32/tomcat-embed-el-8.5.32.jar:/Users/athemistou/.m2/repository/org/apache/tomcat/embed/tomcat-embed-websocket/8.5.32/tomcat-embed-websocket-8.5.32.jar:/Users/athemistou/.m2/repository/org/hibernate/validator/hibernate-validator/6.0.11.Final/hibernate-validator-6.0.11.Final.jar:/Users/athemistou/.m2/repository/javax/validation/validation-api/2.0.1.Final/validation-api-2.0.1.Final.jar:/Users/athemistou/.m2/repository/org/jboss/logging/jboss-logging/3.3.2.Final/jboss-logging-3.3.2.Final.jar:/Users/athemistou/.m2/repository/org/springframework/spring-web/5.0.8.RELEASE/spring-web-5.0.8.RELEASE.jar:/Users/athemistou/.m2/repository/joda-time/joda-time/2.9.9/joda-time-2.9.9.jar:/Users/athemistou/.m2/repository/net/logstash/logback/logstash-logback-encoder/4.11/logstash-logback-encoder-4.11.jar:/Users/athemistou/.m2/repository/ch/qos/logback/logback-core/1.2.3/logback-core-1.2.3.jar:/Users/athemistou/.m2/repository/org/apache/httpcomponents/httpclient/4.5.3/httpclient-4.5.3.jar:/Users/athemistou/.m2/repository/org/apache/httpcomponents/httpcore/4.4.10/httpcore-4.4.10.jar:/Users/athemistou/.m2/repository/commons-logging/commons-logging/1.2/commons-logging-1.2.jar:/Users/athemistou/.m2/repository/commons-codec/commons-codec/1.11/commons-codec-1.11.jar:/Users/athemistou/.m2/repository/org/seleniumhq/selenium/selenium-java/3.14.0/selenium-java-3.14.0.jar:/Users/athemistou/.m2/repository/org/seleniumhq/selenium/selenium-api/3.14.0/selenium-api-3.14.0.jar:/Users/athemistou/.m2/repository/org/seleniumhq/selenium/selenium-chrome-driver/3.14.0/selenium-chrome-driver-3.14.0.jar:/Users/athemistou/.m2/repository/org/seleniumhq/selenium/selenium-edge-driver/3.14.0/selenium-edge-driver-3.14.0.jar:/Users/athemistou/.m2/repository/org/seleniumhq/selenium/selenium-firefox-driver/3.14.0/selenium-firefox-driver-3.14.0.jar:/Users/athemistou/.m2/repository/org/seleniumhq/selenium/selenium-ie-driver/3.14.0/selenium-ie-driver-3.14.0.jar:/Users/athemistou/.m2/repository/org/seleniumhq/selenium/selenium-opera-driver/3.14.0/selenium-opera-driver-3.14.0.jar:/Users/athemistou/.m2/repository/org/seleniumhq/selenium/selenium-remote-driver/3.14.0/selenium-remote-driver-3.14.0.jar:/Users/athemistou/.m2/repository/org/seleniumhq/selenium/selenium-safari-driver/3.14.0/selenium-safari-driver-3.14.0.jar:/Users/athemistou/.m2/repository/org/seleniumhq/selenium/selenium-support/3.14.0/selenium-support-3.14.0.jar:/Users/athemistou/.m2/repository/net/bytebuddy/byte-buddy/1.7.11/byte-buddy-1.7.11.jar:/Users/athemistou/.m2/repository/org/apache/commons/commons-exec/1.3/commons-exec-1.3.jar:/Users/athemistou/.m2/repository/com/google/guava/guava/25.0-jre/guava-25.0-jre.jar:/Users/athemistou/.m2/repository/com/google/code/findbugs/jsr305/1.3.9/jsr305-1.3.9.jar:/Users/athemistou/.m2/repository/org/checkerframework/checker-compat-qual/2.0.0/checker-compat-qual-2.0.0.jar:/Users/athemistou/.m2/repository/com/google/errorprone/error_prone_annotations/2.1.3/error_prone_annotations-2.1.3.jar:/Users/athemistou/.m2/repository/com/google/j2objc/j2objc-annotations/1.1/j2objc-annotations-1.1.jar:/Users/athemistou/.m2/repository/org/codehaus/mojo/animal-sniffer-annotations/1.14/animal-sniffer-annotations-1.14.jar:/Users/athemistou/.m2/repository/com/squareup/okhttp3/okhttp/3.8.1/okhttp-3.8.1.jar:/Users/athemistou/.m2/repository/com/squareup/okio/okio/1.14.1/okio-1.14.1.jar:/Users/athemistou/.m2/repository/junit/junit/4.12/junit-4.12.jar:/Users/athemistou/.m2/repository/io/github/bonigarcia/webdrivermanager/3.0.0/webdrivermanager-3.0.0.jar:/Users/athemistou/.m2/repository/commons-io/commons-io/2.6/commons-io-2.6.jar:/Users/athemistou/.m2/repository/com/google/code/gson/gson/2.8.5/gson-2.8.5.jar:/Users/athemistou/.m2/repository/org/apache/commons/commons-lang3/3.7/commons-lang3-3.7.jar:/Users/athemistou/.m2/repository/org/rauschig/jarchivelib/0.8.0/jarchivelib-0.8.0.jar:/Users/athemistou/.m2/repository/org/jsoup/jsoup/1.11.3/jsoup-1.11.3.jar:, java.specification.name=Java Platform API Specification, java.class.version=52.0, sun.management.compiler=HotSpot 64-Bit Tiered Compilers, os.version=10.12.6, user.home=/Users/athemistou, user.timezone=Europe/London, java.awt.printerjob=sun.lwawt.macosx.CPrinterJob, file.encoding=UTF-8, java.specification.version=1.8, java.class.path=/Users/athemistou/Workspace/fr-obri-exercise/forgerock-openbanking-excercise-tpp/target/test-classes:/Users/athemistou/Workspace/fr-obri-exercise/forgerock-openbanking-excercise-tpp/target/classes:/Users/athemistou/.m2/repository/org/springframework/boot/spring-boot-starter-test/2.0.4.RELEASE/spring-boot-starter-test-2.0.4.RELEASE.jar:/Users/athemistou/.m2/repository/org/springframework/boot/spring-boot-starter/2.0.4.RELEASE/spring-boot-starter-2.0.4.RELEASE.jar:/Users/athemistou/.m2/repository/org/springframework/boot/spring-boot/2.0.4.RELEASE/spring-boot-2.0.4.RELEASE.jar:/Users/athemistou/.m2/repository/org/springframework/boot/spring-boot-autoconfigure/2.0.4.RELEASE/spring-boot-autoconfigure-2.0.4.RELEASE.jar:/Users/athemistou/.m2/repository/org/springframework/boot/spring-boot-starter-logging/2.0.4.RELEASE/spring-boot-starter-logging-2.0.4.RELEASE.jar:/Users/athemistou/.m2/repository/ch/qos/logback/logback-classic/1.2.3/logback-classic-1.2.3.jar:/Users/athemistou/.m2/repository/org/apache/logging/log4j/log4j-to-slf4j/2.10.0/log4j-to-slf4j-2.10.0.jar:/Users/athemistou/.m2/repository/org/apache/logging/log4j/log4j-api/2.10.0/log4j-api-2.10.0.jar:/Users/athemistou/.m2/repository/org/slf4j/jul-to-slf4j/1.7.6/jul-to-slf4j-1.7.6.jar:/Users/athemistou/.m2/repository/javax/annotation/javax.annotation-api/1.3.2/javax.annotation-api-1.3.2.jar:/Users/athemistou/.m2/repository/org/yaml/snakeyaml/1.19/snakeyaml-1.19.jar:/Users/athemistou/.m2/repository/org/springframework/boot/spring-boot-test/2.0.4.RELEASE/spring-boot-test-2.0.4.RELEASE.jar:/Users/athemistou/.m2/repository/org/springframework/boot/spring-boot-test-autoconfigure/2.0.4.RELEASE/spring-boot-test-autoconfigure-2.0.4.RELEASE.jar:/Users/athemistou/.m2/repository/com/jayway/jsonpath/json-path/2.4.0/json-path-2.4.0.jar:/Users/athemistou/.m2/repository/org/assertj/assertj-core/3.9.1/assertj-core-3.9.1.jar:/Users/athemistou/.m2/repository/org/mockito/mockito-core/2.15.0/mockito-core-2.15.0.jar:/Users/athemistou/.m2/repository/net/bytebuddy/byte-buddy-agent/1.7.11/byte-buddy-agent-1.7.11.jar:/Users/athemistou/.m2/repository/org/objenesis/objenesis/2.6/objenesis-2.6.jar:/Users/athemistou/.m2/repository/org/hamcrest/hamcrest-core/1.3/hamcrest-core-1.3.jar:/Users/athemistou/.m2/repository/org/hamcrest/hamcrest-library/1.3/hamcrest-library-1.3.jar:/Users/athemistou/.m2/repository/org/skyscreamer/jsonassert/1.5.0/jsonassert-1.5.0.jar:/Users/athemistou/.m2/repository/com/vaadin/external/google/android-json/0.0.20131108.vaadin1/android-json-0.0.20131108.vaadin1.jar:/Users/athemistou/.m2/repository/org/springframework/spring-core/5.0.8.RELEASE/spring-core-5.0.8.RELEASE.jar:/Users/athemistou/.m2/repository/org/springframework/spring-jcl/5.0.8.RELEASE/spring-jcl-5.0.8.RELEASE.jar:/Users/athemistou/.m2/repository/org/springframework/spring-test/5.0.8.RELEASE/spring-test-5.0.8.RELEASE.jar:/Users/athemistou/.m2/repository/org/xmlunit/xmlunit-core/2.5.1/xmlunit-core-2.5.1.jar:/Users/athemistou/.m2/repository/org/springframework/restdocs/spring-restdocs-mockmvc/2.0.2.RELEASE/spring-restdocs-mockmvc-2.0.2.RELEASE.jar:/Users/athemistou/.m2/repository/javax/servlet/javax.servlet-api/3.1.0/javax.servlet-api-3.1.0.jar:/Users/athemistou/.m2/repository/org/springframework/restdocs/spring-restdocs-core/2.0.2.RELEASE/spring-restdocs-core-2.0.2.RELEASE.jar:/Users/athemistou/.m2/repository/org/springframework/spring-webmvc/5.0.8.RELEASE/spring-webmvc-5.0.8.RELEASE.jar:/Users/athemistou/.m2/repository/org/springframework/spring-aop/5.0.8.RELEASE/spring-aop-5.0.8.RELEASE.jar:/Users/athemistou/.m2/repository/org/springframework/spring-beans/5.0.8.RELEASE/spring-beans-5.0.8.RELEASE.jar:/Users/athemistou/.m2/repository/org/springframework/spring-context/5.0.8.RELEASE/spring-context-5.0.8.RELEASE.jar:/Users/athemistou/.m2/repository/org/springframework/spring-expression/5.0.8.RELEASE/spring-expression-5.0.8.RELEASE.jar:/Users/athemistou/.m2/repository/com/nimbusds/nimbus-jose-jwt/6.0/nimbus-jose-jwt-6.0.jar:/Users/athemistou/.m2/repository/com/github/stephenc/jcip/jcip-annotations/1.0-1/jcip-annotations-1.0-1.jar:/Users/athemistou/.m2/repository/net/minidev/json-smart/2.3/json-smart-2.3.jar:/Users/athemistou/.m2/repository/net/minidev/accessors-smart/1.2/accessors-smart-1.2.jar:/Users/athemistou/.m2/repository/org/ow2/asm/asm/5.0.4/asm-5.0.4.jar:/Users/athemistou/.m2/repository/org/bouncycastle/bcprov-jdk15on/1.58/bcprov-jdk15on-1.58.jar:/Users/athemistou/.m2/repository/org/slf4j/slf4j-api/1.7.6/slf4j-api-1.7.6.jar:/Users/athemistou/.m2/repository/org/springframework/boot/spring-boot-starter-data-mongodb/2.0.4.RELEASE/spring-boot-starter-data-mongodb-2.0.4.RELEASE.jar:/Users/athemistou/.m2/repository/org/mongodb/mongodb-driver/3.6.4/mongodb-driver-3.6.4.jar:/Users/athemistou/.m2/repository/org/mongodb/bson/3.6.4/bson-3.6.4.jar:/Users/athemistou/.m2/repository/org/mongodb/mongodb-driver-core/3.6.4/mongodb-driver-core-3.6.4.jar:/Users/athemistou/.m2/repository/org/springframework/data/spring-data-mongodb/2.0.9.RELEASE/spring-data-mongodb-2.0.9.RELEASE.jar:/Users/athemistou/.m2/repository/org/springframework/spring-tx/5.0.8.RELEASE/spring-tx-5.0.8.RELEASE.jar:/Users/athemistou/.m2/repository/org/springframework/data/spring-data-commons/2.0.9.RELEASE/spring-data-commons-2.0.9.RELEASE.jar:/Users/athemistou/.m2/repository/de/flapdoodle/embed/de.flapdoodle.embed.mongo/2.0.3/de.flapdoodle.embed.mongo-2.0.3.jar:/Users/athemistou/.m2/repository/de/flapdoodle/embed/de.flapdoodle.embed.process/2.0.2/de.flapdoodle.embed.process-2.0.2.jar:/Users/athemistou/.m2/repository/net/java/dev/jna/jna/4.5.2/jna-4.5.2.jar:/Users/athemistou/.m2/repository/net/java/dev/jna/jna-platform/4.5.2/jna-platform-4.5.2.jar:/Users/athemistou/.m2/repository/org/apache/commons/commons-compress/1.10/commons-compress-1.10.jar:/Users/athemistou/.m2/repository/cz/jirutka/spring/embedmongo-spring/1.3.1/embedmongo-spring-1.3.1.jar:/Users/athemistou/.m2/repository/org/mongodb/mongo-java-driver/3.6.4/mongo-java-driver-3.6.4.jar:/Users/athemistou/.m2/repository/org/springframework/boot/spring-boot-starter-thymeleaf/2.0.4.RELEASE/spring-boot-starter-thymeleaf-2.0.4.RELEASE.jar:/Users/athemistou/.m2/repository/org/thymeleaf/thymeleaf-spring5/3.0.9.RELEASE/thymeleaf-spring5-3.0.9.RELEASE.jar:/Users/athemistou/.m2/repository/org/thymeleaf/thymeleaf/3.0.9.RELEASE/thymeleaf-3.0.9.RELEASE.jar:/Users/athemistou/.m2/repository/org/attoparser/attoparser/2.0.4.RELEASE/attoparser-2.0.4.RELEASE.jar:/Users/athemistou/.m2/repository/org/unbescape/unbescape/1.1.5.RELEASE/unbescape-1.1.5.RELEASE.jar:/Users/athemistou/.m2/repository/org/thymeleaf/extras/thymeleaf-extras-java8time/3.0.1.RELEASE/thymeleaf-extras-java8time-3.0.1.RELEASE.jar:/Users/athemistou/.m2/repository/uk/org/openbanking/openbanking-sdk/2.0.0.7/openbanking-sdk-2.0.0.7.jar:/Users/athemistou/.m2/repository/com/fasterxml/jackson/core/jackson-databind/2.9.6/jackson-databind-2.9.6.jar:/Users/athemistou/.m2/repository/com/fasterxml/jackson/core/jackson-annotations/2.9.0/jackson-annotations-2.9.0.jar:/Users/athemistou/.m2/repository/com/fasterxml/jackson/core/jackson-core/2.9.6/jackson-core-2.9.6.jar:/Users/athemistou/.m2/repository/io/springfox/springfox-swagger2/2.9.2/springfox-swagger2-2.9.2.jar:/Users/athemistou/.m2/repository/io/swagger/swagger-annotations/1.5.20/swagger-annotations-1.5.20.jar:/Users/athemistou/.m2/repository/io/swagger/swagger-models/1.5.20/swagger-models-1.5.20.jar:/Users/athemistou/.m2/repository/io/springfox/springfox-spi/2.9.2/springfox-spi-2.9.2.jar:/Users/athemistou/.m2/repository/io/springfox/springfox-core/2.9.2/springfox-core-2.9.2.jar:/Users/athemistou/.m2/repository/io/springfox/springfox-schema/2.9.2/springfox-schema-2.9.2.jar:/Users/athemistou/.m2/repository/io/springfox/springfox-swagger-common/2.9.2/springfox-swagger-common-2.9.2.jar:/Users/athemistou/.m2/repository/io/springfox/springfox-spring-web/2.9.2/springfox-spring-web-2.9.2.jar:/Users/athemistou/.m2/repository/com/fasterxml/classmate/1.3.4/classmate-1.3.4.jar:/Users/athemistou/.m2/repository/org/springframework/plugin/spring-plugin-core/1.2.0.RELEASE/spring-plugin-core-1.2.0.RELEASE.jar:/Users/athemistou/.m2/repository/org/springframework/plugin/spring-plugin-metadata/1.2.0.RELEASE/spring-plugin-metadata-1.2.0.RELEASE.jar:/Users/athemistou/.m2/repository/org/mapstruct/mapstruct/1.2.0.Final/mapstruct-1.2.0.Final.jar:/Users/athemistou/.m2/repository/io/springfox/springfox-swagger-ui/2.9.2/springfox-swagger-ui-2.9.2.jar:/Users/athemistou/.m2/repository/org/springframework/boot/spring-boot-starter-web/2.0.4.RELEASE/spring-boot-starter-web-2.0.4.RELEASE.jar:/Users/athemistou/.m2/repository/org/springframework/boot/spring-boot-starter-json/2.0.4.RELEASE/spring-boot-starter-json-2.0.4.RELEASE.jar:/Users/athemistou/.m2/repository/com/fasterxml/jackson/datatype/jackson-datatype-jdk8/2.9.6/jackson-datatype-jdk8-2.9.6.jar:/Users/athemistou/.m2/repository/com/fasterxml/jackson/datatype/jackson-datatype-jsr310/2.9.6/jackson-datatype-jsr310-2.9.6.jar:/Users/athemistou/.m2/repository/com/fasterxml/jackson/module/jackson-module-parameter-names/2.9.6/jackson-module-parameter-names-2.9.6.jar:/Users/athemistou/.m2/repository/org/springframework/boot/spring-boot-starter-tomcat/2.0.4.RELEASE/spring-boot-starter-tomcat-2.0.4.RELEASE.jar:/Users/athemistou/.m2/repository/org/apache/tomcat/embed/tomcat-embed-core/8.5.32/tomcat-embed-core-8.5.32.jar:/Users/athemistou/.m2/repository/org/apache/tomcat/embed/tomcat-embed-el/8.5.32/tomcat-embed-el-8.5.32.jar:/Users/athemistou/.m2/repository/org/apache/tomcat/embed/tomcat-embed-websocket/8.5.32/tomcat-embed-websocket-8.5.32.jar:/Users/athemistou/.m2/repository/org/hibernate/validator/hibernate-validator/6.0.11.Final/hibernate-validator-6.0.11.Final.jar:/Users/athemistou/.m2/repository/javax/validation/validation-api/2.0.1.Final/validation-api-2.0.1.Final.jar:/Users/athemistou/.m2/repository/org/jboss/logging/jboss-logging/3.3.2.Final/jboss-logging-3.3.2.Final.jar:/Users/athemistou/.m2/repository/org/springframework/spring-web/5.0.8.RELEASE/spring-web-5.0.8.RELEASE.jar:/Users/athemistou/.m2/repository/joda-time/joda-time/2.9.9/joda-time-2.9.9.jar:/Users/athemistou/.m2/repository/net/logstash/logback/logstash-logback-encoder/4.11/logstash-logback-encoder-4.11.jar:/Users/athemistou/.m2/repository/ch/qos/logback/logback-core/1.2.3/logback-core-1.2.3.jar:/Users/athemistou/.m2/repository/org/apache/httpcomponents/httpclient/4.5.3/httpclient-4.5.3.jar:/Users/athemistou/.m2/repository/org/apache/httpcomponents/httpcore/4.4.10/httpcore-4.4.10.jar:/Users/athemistou/.m2/repository/commons-logging/commons-logging/1.2/commons-logging-1.2.jar:/Users/athemistou/.m2/repository/commons-codec/commons-codec/1.11/commons-codec-1.11.jar:/Users/athemistou/.m2/repository/org/seleniumhq/selenium/selenium-java/3.14.0/selenium-java-3.14.0.jar:/Users/athemistou/.m2/repository/org/seleniumhq/selenium/selenium-api/3.14.0/selenium-api-3.14.0.jar:/Users/athemistou/.m2/repository/org/seleniumhq/selenium/selenium-chrome-driver/3.14.0/selenium-chrome-driver-3.14.0.jar:/Users/athemistou/.m2/repository/org/seleniumhq/selenium/selenium-edge-driver/3.14.0/selenium-edge-driver-3.14.0.jar:/Users/athemistou/.m2/repository/org/seleniumhq/selenium/selenium-firefox-driver/3.14.0/selenium-firefox-driver-3.14.0.jar:/Users/athemistou/.m2/repository/org/seleniumhq/selenium/selenium-ie-driver/3.14.0/selenium-ie-driver-3.14.0.jar:/Users/athemistou/.m2/repository/org/seleniumhq/selenium/selenium-opera-driver/3.14.0/selenium-opera-driver-3.14.0.jar:/Users/athemistou/.m2/repository/org/seleniumhq/selenium/selenium-remote-driver/3.14.0/selenium-remote-driver-3.14.0.jar:/Users/athemistou/.m2/repository/org/seleniumhq/selenium/selenium-safari-driver/3.14.0/selenium-safari-driver-3.14.0.jar:/Users/athemistou/.m2/repository/org/seleniumhq/selenium/selenium-support/3.14.0/selenium-support-3.14.0.jar:/Users/athemistou/.m2/repository/net/bytebuddy/byte-buddy/1.7.11/byte-buddy-1.7.11.jar:/Users/athemistou/.m2/repository/org/apache/commons/commons-exec/1.3/commons-exec-1.3.jar:/Users/athemistou/.m2/repository/com/google/guava/guava/25.0-jre/guava-25.0-jre.jar:/Users/athemistou/.m2/repository/com/google/code/findbugs/jsr305/1.3.9/jsr305-1.3.9.jar:/Users/athemistou/.m2/repository/org/checkerframework/checker-compat-qual/2.0.0/checker-compat-qual-2.0.0.jar:/Users/athemistou/.m2/repository/com/google/errorprone/error_prone_annotations/2.1.3/error_prone_annotations-2.1.3.jar:/Users/athemistou/.m2/repository/com/google/j2objc/j2objc-annotations/1.1/j2objc-annotations-1.1.jar:/Users/athemistou/.m2/repository/org/codehaus/mojo/animal-sniffer-annotations/1.14/animal-sniffer-annotations-1.14.jar:/Users/athemistou/.m2/repository/com/squareup/okhttp3/okhttp/3.8.1/okhttp-3.8.1.jar:/Users/athemistou/.m2/repository/com/squareup/okio/okio/1.14.1/okio-1.14.1.jar:/Users/athemistou/.m2/repository/junit/junit/4.12/junit-4.12.jar:/Users/athemistou/.m2/repository/io/github/bonigarcia/webdrivermanager/3.0.0/webdrivermanager-3.0.0.jar:/Users/athemistou/.m2/repository/commons-io/commons-io/2.6/commons-io-2.6.jar:/Users/athemistou/.m2/repository/com/google/code/gson/gson/2.8.5/gson-2.8.5.jar:/Users/athemistou/.m2/repository/org/apache/commons/commons-lang3/3.7/commons-lang3-3.7.jar:/Users/athemistou/.m2/repository/org/rauschig/jarchivelib/0.8.0/jarchivelib-0.8.0.jar:/Users/athemistou/.m2/repository/org/jsoup/jsoup/1.11.3/jsoup-1.11.3.jar:, user.name=athemistou, java.vm.specification.version=1.8, sun.java.command=/Users/athemistou/Workspace/fr-obri-exercise/forgerock-openbanking-excercise-tpp/target/surefire/surefirebooter6184014002643845965.jar /Users/athemistou/Workspace/fr-obri-exercise/forgerock-openbanking-excercise-tpp/target/surefire 2018-09-22T16-11-10_313-jvmRun1 surefire4962163944059755532tmp surefire_0812536300822372626tmp, java.home=/Library/Java/JavaVirtualMachines/jdk1.8.0_151.jdk/Contents/Home/jre, sun.arch.data.model=64, user.language=en, java.specification.vendor=Oracle Corporation, awt.toolkit=sun.lwawt.macosx.LWCToolkit, java.vm.info=mixed mode, java.version=1.8.0_151, java.ext.dirs=/Users/athemistou/Library/Java/Extensions:/Library/Java/JavaVirtualMachines/jdk1.8.0_151.jdk/Contents/Home/jre/lib/ext:/Library/Java/Extensions:/Network/Library/Java/Extensions:/System/Library/Java/Extensions:/usr/lib/java, sun.boot.class.path=/Library/Java/JavaVirtualMachines/jdk1.8.0_151.jdk/Contents/Home/jre/lib/resources.jar:/Library/Java/JavaVirtualMachines/jdk1.8.0_151.jdk/Contents/Home/jre/lib/rt.jar:/Library/Java/JavaVirtualMachines/jdk1.8.0_151.jdk/Contents/Home/jre/lib/sunrsasign.jar:/Library/Java/JavaVirtualMachines/jdk1.8.0_151.jdk/Contents/Home/jre/lib/jsse.jar:/Library/Java/JavaVirtualMachines/jdk1.8.0_151.jdk/Contents/Home/jre/lib/jce.jar:/Library/Java/JavaVirtualMachines/jdk1.8.0_151.jdk/Contents/Home/jre/lib/charsets.jar:/Library/Java/JavaVirtualMachines/jdk1.8.0_151.jdk/Contents/Home/jre/lib/jfr.jar:/Library/Java/JavaVirtualMachines/jdk1.8.0_151.jdk/Contents/Home/jre/classes, java.vendor=Oracle Corporation, localRepository=/Users/athemistou/.m2/repository, file.separator=/, java.vendor.url.bug=http://bugreport.sun.com/bugreport/, sun.io.unicode.encoding=UnicodeBig, sun.cpu.endian=little, sun.cpu.isalist=}}, SystemEnvironmentPropertySource@464676531 {name='systemEnvironment', properties={PATH=/usr/local/bin:/usr/local/sbin:/usr/bin:/bin:/usr/sbin:/sbin, LESS_TERMCAP_se=&amp#27;[0m, LESS_TERMCAP_so=&amp#27;[00;47;30m, COLORTERM=truecolor, LOGNAME=athemistou, PWD=/Users/athemistou/Workspace/fr-obri-exercise/forgerock-openbanking-excercise-tpp, TERM_PROGRAM_VERSION=3.2.0, JAVA_MAIN_CLASS_70257=org.apache.maven.surefire.booter.ForkedBooter, SHELL=/bin/zsh, PAGER=less, OLDPWD=/Users/athemistou/Workspace/fr-obri-exercise/forgerock-openbanking-excercise-tpp, SECURITYSESSIONID=186a6, VISUAL=nano, ITERM_PROFILE=Default, TMPDIR=/var/folders/1f/0_byllp93y718xcw86mw_ypw5r19gt/T/, XPC_FLAGS=0x0, TERM_SESSION_ID=w0t0p0:8E832468-5EA6-4F3A-9C00-A3F31715738B, __CF_USER_TEXT_ENCODING=0xB80A5FA:0x0:0x0, PROMPT_EOL_MARK=, Apple_PubSub_Socket_Render=/private/tmp/com.apple.launchd.NFSzSHbnM7/Render, LESS=-F -g -i -M -R -S -w -X -z-4, LC_CTYPE=UTF-8, COLORFGBG=15;0, LS_COLORS=di=34:ln=35:so=32:pi=33:ex=31:bd=36;01:cd=33;01:su=31;40;07:sg=36;40;07:tw=32;40;07:ow=33;40;07:, SHLVL=2, LESS_TERMCAP_md=&amp#27;[01;31m, LESS_TERMCAP_me=&amp#27;[0m, BROWSER=open, LESS_TERMCAP_mb=&amp#27;[01;31m, GREP_COLOR=37;45, JAVA_HOME=/Library/Java/JavaVirtualMachines/jdk1.8.0_151.jdk/Contents/Home, LESS_TERMCAP_us=&amp#27;[01;32m, TERM=xterm-256color, LANG=en_US.UTF-8, VIRTUAL_ENV_DISABLE_PROMPT=1, COMMAND_MODE=unix2003, ITERM_SESSION_ID=w0t0p0:8E832468-5EA6-4F3A-9C00-A3F31715738B, JAVA_MAIN_CLASS_70193=org.codehaus.plexus.classworlds.launcher.Launcher, LESS_TERMCAP_ue=&amp#27;[0m, XPC_SERVICE_NAME=0, MAVEN_CMD_LINE_ARGS= clean install, _=/Library/Java/JavaVirtualMachines/jdk1.8.0_151.jdk/Contents/Home/jre/bin/java, TERM_PROGRAM=iTerm.app, LSCOLORS=exfxcxdxbxGxDxabagacad, MAVEN_PROJECTBASEDIR=/Users/athemistou/Workspace/fr-obri-exercise, USER=athemistou, SSH_AUTH_SOCK=/private/tmp/com.apple.launchd.0tm56IXcEA/Listeners, EDITOR=nano, GREP_COLORS=mt=37;45, HOME=/Users/athemistou}}]
16:11:13.031 [main] DEBUG org.springframework.core.io.support.PathMatchingResourcePatternResolver - Resolved classpath location [com/forgerock/openbanking/exercise/tpp/accountrequest/] to resources [URL [file:/Users/athemistou/Workspace/fr-obri-exercise/forgerock-openbanking-excercise-tpp/target/test-classes/com/forgerock/openbanking/exercise/tpp/accountrequest/]]
16:11:13.031 [main] DEBUG org.springframework.core.io.support.PathMatchingResourcePatternResolver - Looking for matching resources in directory tree [/Users/athemistou/Workspace/fr-obri-exercise/forgerock-openbanking-excercise-tpp/target/test-classes/com/forgerock/openbanking/exercise/tpp/accountrequest]
16:11:13.032 [main] DEBUG org.springframework.core.io.support.PathMatchingResourcePatternResolver - Searching directory [/Users/athemistou/Workspace/fr-obri-exercise/forgerock-openbanking-excercise-tpp/target/test-classes/com/forgerock/openbanking/exercise/tpp/accountrequest] for files matching pattern [/Users/athemistou/Workspace/fr-obri-exercise/forgerock-openbanking-excercise-tpp/target/test-classes/com/forgerock/openbanking/exercise/tpp/accountrequest/*.class]
16:11:13.033 [main] DEBUG org.springframework.core.io.support.PathMatchingResourcePatternResolver - Resolved location pattern [classpath*:com/forgerock/openbanking/exercise/tpp/accountrequest/*.class] to resources [file [/Users/athemistou/Workspace/fr-obri-exercise/forgerock-openbanking-excercise-tpp/target/test-classes/com/forgerock/openbanking/exercise/tpp/accountrequest/AccountRequestApiTest.class]]
16:11:13.037 [main] DEBUG org.springframework.core.io.support.PathMatchingResourcePatternResolver - Resolved classpath location [com/forgerock/openbanking/exercise/tpp/] to resources [URL [file:/Users/athemistou/Workspace/fr-obri-exercise/forgerock-openbanking-excercise-tpp/target/test-classes/com/forgerock/openbanking/exercise/tpp/], URL [file:/Users/athemistou/Workspace/fr-obri-exercise/forgerock-openbanking-excercise-tpp/target/classes/com/forgerock/openbanking/exercise/tpp/]]
16:11:13.054 [main] DEBUG org.springframework.core.io.support.PathMatchingResourcePatternResolver - Looking for matching resources in directory tree [/Users/athemistou/Workspace/fr-obri-exercise/forgerock-openbanking-excercise-tpp/target/test-classes/com/forgerock/openbanking/exercise/tpp]
16:11:13.055 [main] DEBUG org.springframework.core.io.support.PathMatchingResourcePatternResolver - Searching directory [/Users/athemistou/Workspace/fr-obri-exercise/forgerock-openbanking-excercise-tpp/target/test-classes/com/forgerock/openbanking/exercise/tpp] for files matching pattern [/Users/athemistou/Workspace/fr-obri-exercise/forgerock-openbanking-excercise-tpp/target/test-classes/com/forgerock/openbanking/exercise/tpp/*.class]
16:11:13.057 [main] DEBUG org.springframework.core.io.support.PathMatchingResourcePatternResolver - Looking for matching resources in directory tree [/Users/athemistou/Workspace/fr-obri-exercise/forgerock-openbanking-excercise-tpp/target/classes/com/forgerock/openbanking/exercise/tpp]
16:11:13.058 [main] DEBUG org.springframework.core.io.support.PathMatchingResourcePatternResolver - Searching directory [/Users/athemistou/Workspace/fr-obri-exercise/forgerock-openbanking-excercise-tpp/target/classes/com/forgerock/openbanking/exercise/tpp] for files matching pattern [/Users/athemistou/Workspace/fr-obri-exercise/forgerock-openbanking-excercise-tpp/target/classes/com/forgerock/openbanking/exercise/tpp/*.class]
16:11:13.059 [main] DEBUG org.springframework.core.io.support.PathMatchingResourcePatternResolver - Resolved location pattern [classpath*:com/forgerock/openbanking/exercise/tpp/*.class] to resources [file [/Users/athemistou/Workspace/fr-obri-exercise/forgerock-openbanking-excercise-tpp/target/test-classes/com/forgerock/openbanking/exercise/tpp/ApiDocumentationIntegrationTest.class], file [/Users/athemistou/Workspace/fr-obri-exercise/forgerock-openbanking-excercise-tpp/target/classes/com/forgerock/openbanking/exercise/tpp/Main.class]]
16:11:13.064 [main] DEBUG org.springframework.context.annotation.ClassPathScanningCandidateComponentProvider - Identified candidate component class: file [/Users/athemistou/Workspace/fr-obri-exercise/forgerock-openbanking-excercise-tpp/target/classes/com/forgerock/openbanking/exercise/tpp/Main.class]
16:11:13.064 [main] INFO org.springframework.boot.test.context.SpringBootTestContextBootstrapper - Found @SpringBootConfiguration com.forgerock.openbanking.exercise.tpp.Main for test class com.forgerock.openbanking.exercise.tpp.accountrequest.AccountRequestApiTest
16:11:13.069 [main] DEBUG org.springframework.boot.test.context.SpringBootTestContextBootstrapper - @TestExecutionListeners is not present for class [com.forgerock.openbanking.exercise.tpp.accountrequest.AccountRequestApiTest]: using defaults.
16:11:13.069 [main] INFO org.springframework.boot.test.context.SpringBootTestContextBootstrapper - Loaded default TestExecutionListener class names from location [META-INF/spring.factories]: [org.springframework.boot.test.mock.mockito.MockitoTestExecutionListener, org.springframework.boot.test.mock.mockito.ResetMocksTestExecutionListener, org.springframework.boot.test.autoconfigure.restdocs.RestDocsTestExecutionListener, org.springframework.boot.test.autoconfigure.web.client.MockRestServiceServerResetTestExecutionListener, org.springframework.boot.test.autoconfigure.web.servlet.MockMvcPrintOnlyOnFailureTestExecutionListener, org.springframework.boot.test.autoconfigure.web.servlet.WebDriverTestExecutionListener, org.springframework.test.context.web.ServletTestExecutionListener, org.springframework.test.context.support.DirtiesContextBeforeModesTestExecutionListener, org.springframework.test.context.support.DependencyInjectionTestExecutionListener, org.springframework.test.context.support.DirtiesContextTestExecutionListener, org.springframework.test.context.transaction.TransactionalTestExecutionListener, org.springframework.test.context.jdbc.SqlScriptsTestExecutionListener]
16:11:13.070 [main] INFO org.springframework.boot.test.context.SpringBootTestContextBootstrapper - Using TestExecutionListeners: [org.springframework.test.context.web.ServletTestExecutionListener@e1de817, org.springframework.test.context.support.DirtiesContextBeforeModesTestExecutionListener@52102734, org.springframework.boot.test.mock.mockito.MockitoTestExecutionListener@3541cb24, org.springframework.boot.test.autoconfigure.SpringBootDependencyInjectionTestExecutionListener@2177849e, org.springframework.test.context.support.DirtiesContextTestExecutionListener@40cb8df7, org.springframework.test.context.transaction.TransactionalTestExecutionListener@13b13b5d, org.springframework.test.context.jdbc.SqlScriptsTestExecutionListener@2892dae4, org.springframework.boot.test.mock.mockito.ResetMocksTestExecutionListener@355ce81c, org.springframework.boot.test.autoconfigure.restdocs.RestDocsTestExecutionListener@29647f75, org.springframework.boot.test.autoconfigure.web.client.MockRestServiceServerResetTestExecutionListener@3315d2d7, org.springframework.boot.test.autoconfigure.web.servlet.MockMvcPrintOnlyOnFailureTestExecutionListener@d6e7bab, org.springframework.boot.test.autoconfigure.web.servlet.WebDriverTestExecutionListener@5fa07e12]
16:11:13.070 [main] DEBUG org.springframework.test.annotation.ProfileValueUtils - Retrieved @ProfileValueSourceConfiguration [null] for test class [com.forgerock.openbanking.exercise.tpp.accountrequest.AccountRequestApiTest]
16:11:13.070 [main] DEBUG org.springframework.test.annotation.ProfileValueUtils - Retrieved ProfileValueSource type [class org.springframework.test.annotation.SystemProfileValueSource] for class [com.forgerock.openbanking.exercise.tpp.accountrequest.AccountRequestApiTest]
16:11:13.071 [main] DEBUG org.springframework.test.annotation.ProfileValueUtils - Retrieved @ProfileValueSourceConfiguration [null] for test class [com.forgerock.openbanking.exercise.tpp.accountrequest.AccountRequestApiTest]
16:11:13.071 [main] DEBUG org.springframework.test.annotation.ProfileValueUtils - Retrieved ProfileValueSource type [class org.springframework.test.annotation.SystemProfileValueSource] for class [com.forgerock.openbanking.exercise.tpp.accountrequest.AccountRequestApiTest]
16:11:13.071 [main] DEBUG org.springframework.test.annotation.ProfileValueUtils - Retrieved @ProfileValueSourceConfiguration [null] for test class [com.forgerock.openbanking.exercise.tpp.accountrequest.AccountRequestApiTest]
16:11:13.073 [main] DEBUG org.springframework.test.annotation.ProfileValueUtils - Retrieved ProfileValueSource type [class org.springframework.test.annotation.SystemProfileValueSource] for class [com.forgerock.openbanking.exercise.tpp.accountrequest.AccountRequestApiTest]
16:11:13.081 [main] DEBUG org.springframework.test.context.support.AbstractDirtiesContextTestExecutionListener - Before test class: context [DefaultTestContext@1f97cf0d testClass = AccountRequestApiTest, testInstance = [null], testMethod = [null], testException = [null], mergedContextConfiguration = [WebMergedContextConfiguration@140c9f39 testClass = AccountRequestApiTest, locations = '{}', classes = '{class com.forgerock.openbanking.exercise.tpp.Main}', contextInitializerClasses = '[]', activeProfiles = '{}', propertySourceLocations = '{}', propertySourceProperties = '{org.springframework.boot.test.context.SpringBootTestContextBootstrapper=true}', contextCustomizers = set[org.springframework.boot.test.context.filter.ExcludeFilterContextCustomizer@50de0926, org.springframework.boot.test.json.DuplicateJsonObjectContextCustomizerFactory$DuplicateJsonObjectContextCustomizer@140e5a13, org.springframework.boot.test.mock.mockito.MockitoContextCustomizer@0, org.springframework.boot.test.web.client.TestRestTemplateContextCustomizer@1efee8e7, org.springframework.boot.test.autoconfigure.properties.PropertyMappingContextCustomizer@0, org.springframework.boot.test.autoconfigure.web.servlet.WebDriverContextCustomizerFactory$Customizer@71a794e5], resourceBasePath = 'src/main/webapp', contextLoader = 'org.springframework.boot.test.context.SpringBootContextLoader', parent = [null]], attributes = map['org.springframework.test.context.web.ServletTestExecutionListener.activateListener' -> true]], class annotated with @DirtiesContext [false] with mode [null].
16:11:13.081 [main] DEBUG org.springframework.test.annotation.ProfileValueUtils - Retrieved @ProfileValueSourceConfiguration [null] for test class [com.forgerock.openbanking.exercise.tpp.accountrequest.AccountRequestApiTest]
16:11:13.081 [main] DEBUG org.springframework.test.annotation.ProfileValueUtils - Retrieved ProfileValueSource type [class org.springframework.test.annotation.SystemProfileValueSource] for class [com.forgerock.openbanking.exercise.tpp.accountrequest.AccountRequestApiTest]
16:11:13.122 [main] DEBUG org.springframework.core.env.StandardEnvironment - Adding PropertySource 'systemProperties' with lowest search precedence
16:11:13.123 [main] DEBUG org.springframework.core.env.StandardEnvironment - Adding PropertySource 'systemEnvironment' with lowest search precedence
16:11:13.123 [main] DEBUG org.springframework.core.env.StandardEnvironment - Initialized StandardEnvironment with PropertySources [MapPropertySource@270095066 {name='systemProperties', properties={java.runtime.name=Java(TM) SE Runtime Environment, sun.boot.library.path=/Library/Java/JavaVirtualMachines/jdk1.8.0_151.jdk/Contents/Home/jre/lib, java.vm.version=25.151-b12, user.country.format=EN, gopherProxySet=false, java.vm.vendor=Oracle Corporation, java.vendor.url=http://java.oracle.com/, path.separator=:, java.vm.name=Java HotSpot(TM) 64-Bit Server VM, file.encoding.pkg=sun.io, user.country=US, sun.java.launcher=SUN_STANDARD, sun.os.patch.level=unknown, java.vm.specification.name=Java Virtual Machine Specification, user.dir=/Users/athemistou/Workspace/fr-obri-exercise/forgerock-openbanking-excercise-tpp, java.runtime.version=1.8.0_151-b12, basedir=/Users/athemistou/Workspace/fr-obri-exercise/forgerock-openbanking-excercise-tpp, java.awt.graphicsenv=sun.awt.CGraphicsEnvironment, java.endorsed.dirs=/Library/Java/JavaVirtualMachines/jdk1.8.0_151.jdk/Contents/Home/jre/lib/endorsed, os.arch=x86_64, surefire.real.class.path=/Users/athemistou/Workspace/fr-obri-exercise/forgerock-openbanking-excercise-tpp/target/surefire/surefirebooter6184014002643845965.jar, java.io.tmpdir=/var/folders/1f/0_byllp93y718xcw86mw_ypw5r19gt/T/, line.separator=
, java.vm.specification.vendor=Oracle Corporation, os.name=Mac OS X, sun.jnu.encoding=UTF-8, java.library.path=/Users/athemistou/Library/Java/Extensions:/Library/Java/Extensions:/Network/Library/Java/Extensions:/System/Library/Java/Extensions:/usr/lib/java:., surefire.test.class.path=/Users/athemistou/Workspace/fr-obri-exercise/forgerock-openbanking-excercise-tpp/target/test-classes:/Users/athemistou/Workspace/fr-obri-exercise/forgerock-openbanking-excercise-tpp/target/classes:/Users/athemistou/.m2/repository/org/springframework/boot/spring-boot-starter-test/2.0.4.RELEASE/spring-boot-starter-test-2.0.4.RELEASE.jar:/Users/athemistou/.m2/repository/org/springframework/boot/spring-boot-starter/2.0.4.RELEASE/spring-boot-starter-2.0.4.RELEASE.jar:/Users/athemistou/.m2/repository/org/springframework/boot/spring-boot/2.0.4.RELEASE/spring-boot-2.0.4.RELEASE.jar:/Users/athemistou/.m2/repository/org/springframework/boot/spring-boot-autoconfigure/2.0.4.RELEASE/spring-boot-autoconfigure-2.0.4.RELEASE.jar:/Users/athemistou/.m2/repository/org/springframework/boot/spring-boot-starter-logging/2.0.4.RELEASE/spring-boot-starter-logging-2.0.4.RELEASE.jar:/Users/athemistou/.m2/repository/ch/qos/logback/logback-classic/1.2.3/logback-classic-1.2.3.jar:/Users/athemistou/.m2/repository/org/apache/logging/log4j/log4j-to-slf4j/2.10.0/log4j-to-slf4j-2.10.0.jar:/Users/athemistou/.m2/repository/org/apache/logging/log4j/log4j-api/2.10.0/log4j-api-2.10.0.jar:/Users/athemistou/.m2/repository/org/slf4j/jul-to-slf4j/1.7.6/jul-to-slf4j-1.7.6.jar:/Users/athemistou/.m2/repository/javax/annotation/javax.annotation-api/1.3.2/javax.annotation-api-1.3.2.jar:/Users/athemistou/.m2/repository/org/yaml/snakeyaml/1.19/snakeyaml-1.19.jar:/Users/athemistou/.m2/repository/org/springframework/boot/spring-boot-test/2.0.4.RELEASE/spring-boot-test-2.0.4.RELEASE.jar:/Users/athemistou/.m2/repository/org/springframework/boot/spring-boot-test-autoconfigure/2.0.4.RELEASE/spring-boot-test-autoconfigure-2.0.4.RELEASE.jar:/Users/athemistou/.m2/repository/com/jayway/jsonpath/json-path/2.4.0/json-path-2.4.0.jar:/Users/athemistou/.m2/repository/org/assertj/assertj-core/3.9.1/assertj-core-3.9.1.jar:/Users/athemistou/.m2/repository/org/mockito/mockito-core/2.15.0/mockito-core-2.15.0.jar:/Users/athemistou/.m2/repository/net/bytebuddy/byte-buddy-agent/1.7.11/byte-buddy-agent-1.7.11.jar:/Users/athemistou/.m2/repository/org/objenesis/objenesis/2.6/objenesis-2.6.jar:/Users/athemistou/.m2/repository/org/hamcrest/hamcrest-core/1.3/hamcrest-core-1.3.jar:/Users/athemistou/.m2/repository/org/hamcrest/hamcrest-library/1.3/hamcrest-library-1.3.jar:/Users/athemistou/.m2/repository/org/skyscreamer/jsonassert/1.5.0/jsonassert-1.5.0.jar:/Users/athemistou/.m2/repository/com/vaadin/external/google/android-json/0.0.20131108.vaadin1/android-json-0.0.20131108.vaadin1.jar:/Users/athemistou/.m2/repository/org/springframework/spring-core/5.0.8.RELEASE/spring-core-5.0.8.RELEASE.jar:/Users/athemistou/.m2/repository/org/springframework/spring-jcl/5.0.8.RELEASE/spring-jcl-5.0.8.RELEASE.jar:/Users/athemistou/.m2/repository/org/springframework/spring-test/5.0.8.RELEASE/spring-test-5.0.8.RELEASE.jar:/Users/athemistou/.m2/repository/org/xmlunit/xmlunit-core/2.5.1/xmlunit-core-2.5.1.jar:/Users/athemistou/.m2/repository/org/springframework/restdocs/spring-restdocs-mockmvc/2.0.2.RELEASE/spring-restdocs-mockmvc-2.0.2.RELEASE.jar:/Users/athemistou/.m2/repository/javax/servlet/javax.servlet-api/3.1.0/javax.servlet-api-3.1.0.jar:/Users/athemistou/.m2/repository/org/springframework/restdocs/spring-restdocs-core/2.0.2.RELEASE/spring-restdocs-core-2.0.2.RELEASE.jar:/Users/athemistou/.m2/repository/org/springframework/spring-webmvc/5.0.8.RELEASE/spring-webmvc-5.0.8.RELEASE.jar:/Users/athemistou/.m2/repository/org/springframework/spring-aop/5.0.8.RELEASE/spring-aop-5.0.8.RELEASE.jar:/Users/athemistou/.m2/repository/org/springframework/spring-beans/5.0.8.RELEASE/spring-beans-5.0.8.RELEASE.jar:/Users/athemistou/.m2/repository/org/springframework/spring-context/5.0.8.RELEASE/spring-context-5.0.8.RELEASE.jar:/Users/athemistou/.m2/repository/org/springframework/spring-expression/5.0.8.RELEASE/spring-expression-5.0.8.RELEASE.jar:/Users/athemistou/.m2/repository/com/nimbusds/nimbus-jose-jwt/6.0/nimbus-jose-jwt-6.0.jar:/Users/athemistou/.m2/repository/com/github/stephenc/jcip/jcip-annotations/1.0-1/jcip-annotations-1.0-1.jar:/Users/athemistou/.m2/repository/net/minidev/json-smart/2.3/json-smart-2.3.jar:/Users/athemistou/.m2/repository/net/minidev/accessors-smart/1.2/accessors-smart-1.2.jar:/Users/athemistou/.m2/repository/org/ow2/asm/asm/5.0.4/asm-5.0.4.jar:/Users/athemistou/.m2/repository/org/bouncycastle/bcprov-jdk15on/1.58/bcprov-jdk15on-1.58.jar:/Users/athemistou/.m2/repository/org/slf4j/slf4j-api/1.7.6/slf4j-api-1.7.6.jar:/Users/athemistou/.m2/repository/org/springframework/boot/spring-boot-starter-data-mongodb/2.0.4.RELEASE/spring-boot-starter-data-mongodb-2.0.4.RELEASE.jar:/Users/athemistou/.m2/repository/org/mongodb/mongodb-driver/3.6.4/mongodb-driver-3.6.4.jar:/Users/athemistou/.m2/repository/org/mongodb/bson/3.6.4/bson-3.6.4.jar:/Users/athemistou/.m2/repository/org/mongodb/mongodb-driver-core/3.6.4/mongodb-driver-core-3.6.4.jar:/Users/athemistou/.m2/repository/org/springframework/data/spring-data-mongodb/2.0.9.RELEASE/spring-data-mongodb-2.0.9.RELEASE.jar:/Users/athemistou/.m2/repository/org/springframework/spring-tx/5.0.8.RELEASE/spring-tx-5.0.8.RELEASE.jar:/Users/athemistou/.m2/repository/org/springframework/data/spring-data-commons/2.0.9.RELEASE/spring-data-commons-2.0.9.RELEASE.jar:/Users/athemistou/.m2/repository/de/flapdoodle/embed/de.flapdoodle.embed.mongo/2.0.3/de.flapdoodle.embed.mongo-2.0.3.jar:/Users/athemistou/.m2/repository/de/flapdoodle/embed/de.flapdoodle.embed.process/2.0.2/de.flapdoodle.embed.process-2.0.2.jar:/Users/athemistou/.m2/repository/net/java/dev/jna/jna/4.5.2/jna-4.5.2.jar:/Users/athemistou/.m2/repository/net/java/dev/jna/jna-platform/4.5.2/jna-platform-4.5.2.jar:/Users/athemistou/.m2/repository/org/apache/commons/commons-compress/1.10/commons-compress-1.10.jar:/Users/athemistou/.m2/repository/cz/jirutka/spring/embedmongo-spring/1.3.1/embedmongo-spring-1.3.1.jar:/Users/athemistou/.m2/repository/org/mongodb/mongo-java-driver/3.6.4/mongo-java-driver-3.6.4.jar:/Users/athemistou/.m2/repository/org/springframework/boot/spring-boot-starter-thymeleaf/2.0.4.RELEASE/spring-boot-starter-thymeleaf-2.0.4.RELEASE.jar:/Users/athemistou/.m2/repository/org/thymeleaf/thymeleaf-spring5/3.0.9.RELEASE/thymeleaf-spring5-3.0.9.RELEASE.jar:/Users/athemistou/.m2/repository/org/thymeleaf/thymeleaf/3.0.9.RELEASE/thymeleaf-3.0.9.RELEASE.jar:/Users/athemistou/.m2/repository/org/attoparser/attoparser/2.0.4.RELEASE/attoparser-2.0.4.RELEASE.jar:/Users/athemistou/.m2/repository/org/unbescape/unbescape/1.1.5.RELEASE/unbescape-1.1.5.RELEASE.jar:/Users/athemistou/.m2/repository/org/thymeleaf/extras/thymeleaf-extras-java8time/3.0.1.RELEASE/thymeleaf-extras-java8time-3.0.1.RELEASE.jar:/Users/athemistou/.m2/repository/uk/org/openbanking/openbanking-sdk/2.0.0.7/openbanking-sdk-2.0.0.7.jar:/Users/athemistou/.m2/repository/com/fasterxml/jackson/core/jackson-databind/2.9.6/jackson-databind-2.9.6.jar:/Users/athemistou/.m2/repository/com/fasterxml/jackson/core/jackson-annotations/2.9.0/jackson-annotations-2.9.0.jar:/Users/athemistou/.m2/repository/com/fasterxml/jackson/core/jackson-core/2.9.6/jackson-core-2.9.6.jar:/Users/athemistou/.m2/repository/io/springfox/springfox-swagger2/2.9.2/springfox-swagger2-2.9.2.jar:/Users/athemistou/.m2/repository/io/swagger/swagger-annotations/1.5.20/swagger-annotations-1.5.20.jar:/Users/athemistou/.m2/repository/io/swagger/swagger-models/1.5.20/swagger-models-1.5.20.jar:/Users/athemistou/.m2/repository/io/springfox/springfox-spi/2.9.2/springfox-spi-2.9.2.jar:/Users/athemistou/.m2/repository/io/springfox/springfox-core/2.9.2/springfox-core-2.9.2.jar:/Users/athemistou/.m2/repository/io/springfox/springfox-schema/2.9.2/springfox-schema-2.9.2.jar:/Users/athemistou/.m2/repository/io/springfox/springfox-swagger-common/2.9.2/springfox-swagger-common-2.9.2.jar:/Users/athemistou/.m2/repository/io/springfox/springfox-spring-web/2.9.2/springfox-spring-web-2.9.2.jar:/Users/athemistou/.m2/repository/com/fasterxml/classmate/1.3.4/classmate-1.3.4.jar:/Users/athemistou/.m2/repository/org/springframework/plugin/spring-plugin-core/1.2.0.RELEASE/spring-plugin-core-1.2.0.RELEASE.jar:/Users/athemistou/.m2/repository/org/springframework/plugin/spring-plugin-metadata/1.2.0.RELEASE/spring-plugin-metadata-1.2.0.RELEASE.jar:/Users/athemistou/.m2/repository/org/mapstruct/mapstruct/1.2.0.Final/mapstruct-1.2.0.Final.jar:/Users/athemistou/.m2/repository/io/springfox/springfox-swagger-ui/2.9.2/springfox-swagger-ui-2.9.2.jar:/Users/athemistou/.m2/repository/org/springframework/boot/spring-boot-starter-web/2.0.4.RELEASE/spring-boot-starter-web-2.0.4.RELEASE.jar:/Users/athemistou/.m2/repository/org/springframework/boot/spring-boot-starter-json/2.0.4.RELEASE/spring-boot-starter-json-2.0.4.RELEASE.jar:/Users/athemistou/.m2/repository/com/fasterxml/jackson/datatype/jackson-datatype-jdk8/2.9.6/jackson-datatype-jdk8-2.9.6.jar:/Users/athemistou/.m2/repository/com/fasterxml/jackson/datatype/jackson-datatype-jsr310/2.9.6/jackson-datatype-jsr310-2.9.6.jar:/Users/athemistou/.m2/repository/com/fasterxml/jackson/module/jackson-module-parameter-names/2.9.6/jackson-module-parameter-names-2.9.6.jar:/Users/athemistou/.m2/repository/org/springframework/boot/spring-boot-starter-tomcat/2.0.4.RELEASE/spring-boot-starter-tomcat-2.0.4.RELEASE.jar:/Users/athemistou/.m2/repository/org/apache/tomcat/embed/tomcat-embed-core/8.5.32/tomcat-embed-core-8.5.32.jar:/Users/athemistou/.m2/repository/org/apache/tomcat/embed/tomcat-embed-el/8.5.32/tomcat-embed-el-8.5.32.jar:/Users/athemistou/.m2/repository/org/apache/tomcat/embed/tomcat-embed-websocket/8.5.32/tomcat-embed-websocket-8.5.32.jar:/Users/athemistou/.m2/repository/org/hibernate/validator/hibernate-validator/6.0.11.Final/hibernate-validator-6.0.11.Final.jar:/Users/athemistou/.m2/repository/javax/validation/validation-api/2.0.1.Final/validation-api-2.0.1.Final.jar:/Users/athemistou/.m2/repository/org/jboss/logging/jboss-logging/3.3.2.Final/jboss-logging-3.3.2.Final.jar:/Users/athemistou/.m2/repository/org/springframework/spring-web/5.0.8.RELEASE/spring-web-5.0.8.RELEASE.jar:/Users/athemistou/.m2/repository/joda-time/joda-time/2.9.9/joda-time-2.9.9.jar:/Users/athemistou/.m2/repository/net/logstash/logback/logstash-logback-encoder/4.11/logstash-logback-encoder-4.11.jar:/Users/athemistou/.m2/repository/ch/qos/logback/logback-core/1.2.3/logback-core-1.2.3.jar:/Users/athemistou/.m2/repository/org/apache/httpcomponents/httpclient/4.5.3/httpclient-4.5.3.jar:/Users/athemistou/.m2/repository/org/apache/httpcomponents/httpcore/4.4.10/httpcore-4.4.10.jar:/Users/athemistou/.m2/repository/commons-logging/commons-logging/1.2/commons-logging-1.2.jar:/Users/athemistou/.m2/repository/commons-codec/commons-codec/1.11/commons-codec-1.11.jar:/Users/athemistou/.m2/repository/org/seleniumhq/selenium/selenium-java/3.14.0/selenium-java-3.14.0.jar:/Users/athemistou/.m2/repository/org/seleniumhq/selenium/selenium-api/3.14.0/selenium-api-3.14.0.jar:/Users/athemistou/.m2/repository/org/seleniumhq/selenium/selenium-chrome-driver/3.14.0/selenium-chrome-driver-3.14.0.jar:/Users/athemistou/.m2/repository/org/seleniumhq/selenium/selenium-edge-driver/3.14.0/selenium-edge-driver-3.14.0.jar:/Users/athemistou/.m2/repository/org/seleniumhq/selenium/selenium-firefox-driver/3.14.0/selenium-firefox-driver-3.14.0.jar:/Users/athemistou/.m2/repository/org/seleniumhq/selenium/selenium-ie-driver/3.14.0/selenium-ie-driver-3.14.0.jar:/Users/athemistou/.m2/repository/org/seleniumhq/selenium/selenium-opera-driver/3.14.0/selenium-opera-driver-3.14.0.jar:/Users/athemistou/.m2/repository/org/seleniumhq/selenium/selenium-remote-driver/3.14.0/selenium-remote-driver-3.14.0.jar:/Users/athemistou/.m2/repository/org/seleniumhq/selenium/selenium-safari-driver/3.14.0/selenium-safari-driver-3.14.0.jar:/Users/athemistou/.m2/repository/org/seleniumhq/selenium/selenium-support/3.14.0/selenium-support-3.14.0.jar:/Users/athemistou/.m2/repository/net/bytebuddy/byte-buddy/1.7.11/byte-buddy-1.7.11.jar:/Users/athemistou/.m2/repository/org/apache/commons/commons-exec/1.3/commons-exec-1.3.jar:/Users/athemistou/.m2/repository/com/google/guava/guava/25.0-jre/guava-25.0-jre.jar:/Users/athemistou/.m2/repository/com/google/code/findbugs/jsr305/1.3.9/jsr305-1.3.9.jar:/Users/athemistou/.m2/repository/org/checkerframework/checker-compat-qual/2.0.0/checker-compat-qual-2.0.0.jar:/Users/athemistou/.m2/repository/com/google/errorprone/error_prone_annotations/2.1.3/error_prone_annotations-2.1.3.jar:/Users/athemistou/.m2/repository/com/google/j2objc/j2objc-annotations/1.1/j2objc-annotations-1.1.jar:/Users/athemistou/.m2/repository/org/codehaus/mojo/animal-sniffer-annotations/1.14/animal-sniffer-annotations-1.14.jar:/Users/athemistou/.m2/repository/com/squareup/okhttp3/okhttp/3.8.1/okhttp-3.8.1.jar:/Users/athemistou/.m2/repository/com/squareup/okio/okio/1.14.1/okio-1.14.1.jar:/Users/athemistou/.m2/repository/junit/junit/4.12/junit-4.12.jar:/Users/athemistou/.m2/repository/io/github/bonigarcia/webdrivermanager/3.0.0/webdrivermanager-3.0.0.jar:/Users/athemistou/.m2/repository/commons-io/commons-io/2.6/commons-io-2.6.jar:/Users/athemistou/.m2/repository/com/google/code/gson/gson/2.8.5/gson-2.8.5.jar:/Users/athemistou/.m2/repository/org/apache/commons/commons-lang3/3.7/commons-lang3-3.7.jar:/Users/athemistou/.m2/repository/org/rauschig/jarchivelib/0.8.0/jarchivelib-0.8.0.jar:/Users/athemistou/.m2/repository/org/jsoup/jsoup/1.11.3/jsoup-1.11.3.jar:, java.specification.name=Java Platform API Specification, java.class.version=52.0, sun.management.compiler=HotSpot 64-Bit Tiered Compilers, os.version=10.12.6, user.home=/Users/athemistou, user.timezone=Europe/London, java.awt.printerjob=sun.lwawt.macosx.CPrinterJob, file.encoding=UTF-8, java.specification.version=1.8, java.class.path=/Users/athemistou/Workspace/fr-obri-exercise/forgerock-openbanking-excercise-tpp/target/test-classes:/Users/athemistou/Workspace/fr-obri-exercise/forgerock-openbanking-excercise-tpp/target/classes:/Users/athemistou/.m2/repository/org/springframework/boot/spring-boot-starter-test/2.0.4.RELEASE/spring-boot-starter-test-2.0.4.RELEASE.jar:/Users/athemistou/.m2/repository/org/springframework/boot/spring-boot-starter/2.0.4.RELEASE/spring-boot-starter-2.0.4.RELEASE.jar:/Users/athemistou/.m2/repository/org/springframework/boot/spring-boot/2.0.4.RELEASE/spring-boot-2.0.4.RELEASE.jar:/Users/athemistou/.m2/repository/org/springframework/boot/spring-boot-autoconfigure/2.0.4.RELEASE/spring-boot-autoconfigure-2.0.4.RELEASE.jar:/Users/athemistou/.m2/repository/org/springframework/boot/spring-boot-starter-logging/2.0.4.RELEASE/spring-boot-starter-logging-2.0.4.RELEASE.jar:/Users/athemistou/.m2/repository/ch/qos/logback/logback-classic/1.2.3/logback-classic-1.2.3.jar:/Users/athemistou/.m2/repository/org/apache/logging/log4j/log4j-to-slf4j/2.10.0/log4j-to-slf4j-2.10.0.jar:/Users/athemistou/.m2/repository/org/apache/logging/log4j/log4j-api/2.10.0/log4j-api-2.10.0.jar:/Users/athemistou/.m2/repository/org/slf4j/jul-to-slf4j/1.7.6/jul-to-slf4j-1.7.6.jar:/Users/athemistou/.m2/repository/javax/annotation/javax.annotation-api/1.3.2/javax.annotation-api-1.3.2.jar:/Users/athemistou/.m2/repository/org/yaml/snakeyaml/1.19/snakeyaml-1.19.jar:/Users/athemistou/.m2/repository/org/springframework/boot/spring-boot-test/2.0.4.RELEASE/spring-boot-test-2.0.4.RELEASE.jar:/Users/athemistou/.m2/repository/org/springframework/boot/spring-boot-test-autoconfigure/2.0.4.RELEASE/spring-boot-test-autoconfigure-2.0.4.RELEASE.jar:/Users/athemistou/.m2/repository/com/jayway/jsonpath/json-path/2.4.0/json-path-2.4.0.jar:/Users/athemistou/.m2/repository/org/assertj/assertj-core/3.9.1/assertj-core-3.9.1.jar:/Users/athemistou/.m2/repository/org/mockito/mockito-core/2.15.0/mockito-core-2.15.0.jar:/Users/athemistou/.m2/repository/net/bytebuddy/byte-buddy-agent/1.7.11/byte-buddy-agent-1.7.11.jar:/Users/athemistou/.m2/repository/org/objenesis/objenesis/2.6/objenesis-2.6.jar:/Users/athemistou/.m2/repository/org/hamcrest/hamcrest-core/1.3/hamcrest-core-1.3.jar:/Users/athemistou/.m2/repository/org/hamcrest/hamcrest-library/1.3/hamcrest-library-1.3.jar:/Users/athemistou/.m2/repository/org/skyscreamer/jsonassert/1.5.0/jsonassert-1.5.0.jar:/Users/athemistou/.m2/repository/com/vaadin/external/google/android-json/0.0.20131108.vaadin1/android-json-0.0.20131108.vaadin1.jar:/Users/athemistou/.m2/repository/org/springframework/spring-core/5.0.8.RELEASE/spring-core-5.0.8.RELEASE.jar:/Users/athemistou/.m2/repository/org/springframework/spring-jcl/5.0.8.RELEASE/spring-jcl-5.0.8.RELEASE.jar:/Users/athemistou/.m2/repository/org/springframework/spring-test/5.0.8.RELEASE/spring-test-5.0.8.RELEASE.jar:/Users/athemistou/.m2/repository/org/xmlunit/xmlunit-core/2.5.1/xmlunit-core-2.5.1.jar:/Users/athemistou/.m2/repository/org/springframework/restdocs/spring-restdocs-mockmvc/2.0.2.RELEASE/spring-restdocs-mockmvc-2.0.2.RELEASE.jar:/Users/athemistou/.m2/repository/javax/servlet/javax.servlet-api/3.1.0/javax.servlet-api-3.1.0.jar:/Users/athemistou/.m2/repository/org/springframework/restdocs/spring-restdocs-core/2.0.2.RELEASE/spring-restdocs-core-2.0.2.RELEASE.jar:/Users/athemistou/.m2/repository/org/springframework/spring-webmvc/5.0.8.RELEASE/spring-webmvc-5.0.8.RELEASE.jar:/Users/athemistou/.m2/repository/org/springframework/spring-aop/5.0.8.RELEASE/spring-aop-5.0.8.RELEASE.jar:/Users/athemistou/.m2/repository/org/springframework/spring-beans/5.0.8.RELEASE/spring-beans-5.0.8.RELEASE.jar:/Users/athemistou/.m2/repository/org/springframework/spring-context/5.0.8.RELEASE/spring-context-5.0.8.RELEASE.jar:/Users/athemistou/.m2/repository/org/springframework/spring-expression/5.0.8.RELEASE/spring-expression-5.0.8.RELEASE.jar:/Users/athemistou/.m2/repository/com/nimbusds/nimbus-jose-jwt/6.0/nimbus-jose-jwt-6.0.jar:/Users/athemistou/.m2/repository/com/github/stephenc/jcip/jcip-annotations/1.0-1/jcip-annotations-1.0-1.jar:/Users/athemistou/.m2/repository/net/minidev/json-smart/2.3/json-smart-2.3.jar:/Users/athemistou/.m2/repository/net/minidev/accessors-smart/1.2/accessors-smart-1.2.jar:/Users/athemistou/.m2/repository/org/ow2/asm/asm/5.0.4/asm-5.0.4.jar:/Users/athemistou/.m2/repository/org/bouncycastle/bcprov-jdk15on/1.58/bcprov-jdk15on-1.58.jar:/Users/athemistou/.m2/repository/org/slf4j/slf4j-api/1.7.6/slf4j-api-1.7.6.jar:/Users/athemistou/.m2/repository/org/springframework/boot/spring-boot-starter-data-mongodb/2.0.4.RELEASE/spring-boot-starter-data-mongodb-2.0.4.RELEASE.jar:/Users/athemistou/.m2/repository/org/mongodb/mongodb-driver/3.6.4/mongodb-driver-3.6.4.jar:/Users/athemistou/.m2/repository/org/mongodb/bson/3.6.4/bson-3.6.4.jar:/Users/athemistou/.m2/repository/org/mongodb/mongodb-driver-core/3.6.4/mongodb-driver-core-3.6.4.jar:/Users/athemistou/.m2/repository/org/springframework/data/spring-data-mongodb/2.0.9.RELEASE/spring-data-mongodb-2.0.9.RELEASE.jar:/Users/athemistou/.m2/repository/org/springframework/spring-tx/5.0.8.RELEASE/spring-tx-5.0.8.RELEASE.jar:/Users/athemistou/.m2/repository/org/springframework/data/spring-data-commons/2.0.9.RELEASE/spring-data-commons-2.0.9.RELEASE.jar:/Users/athemistou/.m2/repository/de/flapdoodle/embed/de.flapdoodle.embed.mongo/2.0.3/de.flapdoodle.embed.mongo-2.0.3.jar:/Users/athemistou/.m2/repository/de/flapdoodle/embed/de.flapdoodle.embed.process/2.0.2/de.flapdoodle.embed.process-2.0.2.jar:/Users/athemistou/.m2/repository/net/java/dev/jna/jna/4.5.2/jna-4.5.2.jar:/Users/athemistou/.m2/repository/net/java/dev/jna/jna-platform/4.5.2/jna-platform-4.5.2.jar:/Users/athemistou/.m2/repository/org/apache/commons/commons-compress/1.10/commons-compress-1.10.jar:/Users/athemistou/.m2/repository/cz/jirutka/spring/embedmongo-spring/1.3.1/embedmongo-spring-1.3.1.jar:/Users/athemistou/.m2/repository/org/mongodb/mongo-java-driver/3.6.4/mongo-java-driver-3.6.4.jar:/Users/athemistou/.m2/repository/org/springframework/boot/spring-boot-starter-thymeleaf/2.0.4.RELEASE/spring-boot-starter-thymeleaf-2.0.4.RELEASE.jar:/Users/athemistou/.m2/repository/org/thymeleaf/thymeleaf-spring5/3.0.9.RELEASE/thymeleaf-spring5-3.0.9.RELEASE.jar:/Users/athemistou/.m2/repository/org/thymeleaf/thymeleaf/3.0.9.RELEASE/thymeleaf-3.0.9.RELEASE.jar:/Users/athemistou/.m2/repository/org/attoparser/attoparser/2.0.4.RELEASE/attoparser-2.0.4.RELEASE.jar:/Users/athemistou/.m2/repository/org/unbescape/unbescape/1.1.5.RELEASE/unbescape-1.1.5.RELEASE.jar:/Users/athemistou/.m2/repository/org/thymeleaf/extras/thymeleaf-extras-java8time/3.0.1.RELEASE/thymeleaf-extras-java8time-3.0.1.RELEASE.jar:/Users/athemistou/.m2/repository/uk/org/openbanking/openbanking-sdk/2.0.0.7/openbanking-sdk-2.0.0.7.jar:/Users/athemistou/.m2/repository/com/fasterxml/jackson/core/jackson-databind/2.9.6/jackson-databind-2.9.6.jar:/Users/athemistou/.m2/repository/com/fasterxml/jackson/core/jackson-annotations/2.9.0/jackson-annotations-2.9.0.jar:/Users/athemistou/.m2/repository/com/fasterxml/jackson/core/jackson-core/2.9.6/jackson-core-2.9.6.jar:/Users/athemistou/.m2/repository/io/springfox/springfox-swagger2/2.9.2/springfox-swagger2-2.9.2.jar:/Users/athemistou/.m2/repository/io/swagger/swagger-annotations/1.5.20/swagger-annotations-1.5.20.jar:/Users/athemistou/.m2/repository/io/swagger/swagger-models/1.5.20/swagger-models-1.5.20.jar:/Users/athemistou/.m2/repository/io/springfox/springfox-spi/2.9.2/springfox-spi-2.9.2.jar:/Users/athemistou/.m2/repository/io/springfox/springfox-core/2.9.2/springfox-core-2.9.2.jar:/Users/athemistou/.m2/repository/io/springfox/springfox-schema/2.9.2/springfox-schema-2.9.2.jar:/Users/athemistou/.m2/repository/io/springfox/springfox-swagger-common/2.9.2/springfox-swagger-common-2.9.2.jar:/Users/athemistou/.m2/repository/io/springfox/springfox-spring-web/2.9.2/springfox-spring-web-2.9.2.jar:/Users/athemistou/.m2/repository/com/fasterxml/classmate/1.3.4/classmate-1.3.4.jar:/Users/athemistou/.m2/repository/org/springframework/plugin/spring-plugin-core/1.2.0.RELEASE/spring-plugin-core-1.2.0.RELEASE.jar:/Users/athemistou/.m2/repository/org/springframework/plugin/spring-plugin-metadata/1.2.0.RELEASE/spring-plugin-metadata-1.2.0.RELEASE.jar:/Users/athemistou/.m2/repository/org/mapstruct/mapstruct/1.2.0.Final/mapstruct-1.2.0.Final.jar:/Users/athemistou/.m2/repository/io/springfox/springfox-swagger-ui/2.9.2/springfox-swagger-ui-2.9.2.jar:/Users/athemistou/.m2/repository/org/springframework/boot/spring-boot-starter-web/2.0.4.RELEASE/spring-boot-starter-web-2.0.4.RELEASE.jar:/Users/athemistou/.m2/repository/org/springframework/boot/spring-boot-starter-json/2.0.4.RELEASE/spring-boot-starter-json-2.0.4.RELEASE.jar:/Users/athemistou/.m2/repository/com/fasterxml/jackson/datatype/jackson-datatype-jdk8/2.9.6/jackson-datatype-jdk8-2.9.6.jar:/Users/athemistou/.m2/repository/com/fasterxml/jackson/datatype/jackson-datatype-jsr310/2.9.6/jackson-datatype-jsr310-2.9.6.jar:/Users/athemistou/.m2/repository/com/fasterxml/jackson/module/jackson-module-parameter-names/2.9.6/jackson-module-parameter-names-2.9.6.jar:/Users/athemistou/.m2/repository/org/springframework/boot/spring-boot-starter-tomcat/2.0.4.RELEASE/spring-boot-starter-tomcat-2.0.4.RELEASE.jar:/Users/athemistou/.m2/repository/org/apache/tomcat/embed/tomcat-embed-core/8.5.32/tomcat-embed-core-8.5.32.jar:/Users/athemistou/.m2/repository/org/apache/tomcat/embed/tomcat-embed-el/8.5.32/tomcat-embed-el-8.5.32.jar:/Users/athemistou/.m2/repository/org/apache/tomcat/embed/tomcat-embed-websocket/8.5.32/tomcat-embed-websocket-8.5.32.jar:/Users/athemistou/.m2/repository/org/hibernate/validator/hibernate-validator/6.0.11.Final/hibernate-validator-6.0.11.Final.jar:/Users/athemistou/.m2/repository/javax/validation/validation-api/2.0.1.Final/validation-api-2.0.1.Final.jar:/Users/athemistou/.m2/repository/org/jboss/logging/jboss-logging/3.3.2.Final/jboss-logging-3.3.2.Final.jar:/Users/athemistou/.m2/repository/org/springframework/spring-web/5.0.8.RELEASE/spring-web-5.0.8.RELEASE.jar:/Users/athemistou/.m2/repository/joda-time/joda-time/2.9.9/joda-time-2.9.9.jar:/Users/athemistou/.m2/repository/net/logstash/logback/logstash-logback-encoder/4.11/logstash-logback-encoder-4.11.jar:/Users/athemistou/.m2/repository/ch/qos/logback/logback-core/1.2.3/logback-core-1.2.3.jar:/Users/athemistou/.m2/repository/org/apache/httpcomponents/httpclient/4.5.3/httpclient-4.5.3.jar:/Users/athemistou/.m2/repository/org/apache/httpcomponents/httpcore/4.4.10/httpcore-4.4.10.jar:/Users/athemistou/.m2/repository/commons-logging/commons-logging/1.2/commons-logging-1.2.jar:/Users/athemistou/.m2/repository/commons-codec/commons-codec/1.11/commons-codec-1.11.jar:/Users/athemistou/.m2/repository/org/seleniumhq/selenium/selenium-java/3.14.0/selenium-java-3.14.0.jar:/Users/athemistou/.m2/repository/org/seleniumhq/selenium/selenium-api/3.14.0/selenium-api-3.14.0.jar:/Users/athemistou/.m2/repository/org/seleniumhq/selenium/selenium-chrome-driver/3.14.0/selenium-chrome-driver-3.14.0.jar:/Users/athemistou/.m2/repository/org/seleniumhq/selenium/selenium-edge-driver/3.14.0/selenium-edge-driver-3.14.0.jar:/Users/athemistou/.m2/repository/org/seleniumhq/selenium/selenium-firefox-driver/3.14.0/selenium-firefox-driver-3.14.0.jar:/Users/athemistou/.m2/repository/org/seleniumhq/selenium/selenium-ie-driver/3.14.0/selenium-ie-driver-3.14.0.jar:/Users/athemistou/.m2/repository/org/seleniumhq/selenium/selenium-opera-driver/3.14.0/selenium-opera-driver-3.14.0.jar:/Users/athemistou/.m2/repository/org/seleniumhq/selenium/selenium-remote-driver/3.14.0/selenium-remote-driver-3.14.0.jar:/Users/athemistou/.m2/repository/org/seleniumhq/selenium/selenium-safari-driver/3.14.0/selenium-safari-driver-3.14.0.jar:/Users/athemistou/.m2/repository/org/seleniumhq/selenium/selenium-support/3.14.0/selenium-support-3.14.0.jar:/Users/athemistou/.m2/repository/net/bytebuddy/byte-buddy/1.7.11/byte-buddy-1.7.11.jar:/Users/athemistou/.m2/repository/org/apache/commons/commons-exec/1.3/commons-exec-1.3.jar:/Users/athemistou/.m2/repository/com/google/guava/guava/25.0-jre/guava-25.0-jre.jar:/Users/athemistou/.m2/repository/com/google/code/findbugs/jsr305/1.3.9/jsr305-1.3.9.jar:/Users/athemistou/.m2/repository/org/checkerframework/checker-compat-qual/2.0.0/checker-compat-qual-2.0.0.jar:/Users/athemistou/.m2/repository/com/google/errorprone/error_prone_annotations/2.1.3/error_prone_annotations-2.1.3.jar:/Users/athemistou/.m2/repository/com/google/j2objc/j2objc-annotations/1.1/j2objc-annotations-1.1.jar:/Users/athemistou/.m2/repository/org/codehaus/mojo/animal-sniffer-annotations/1.14/animal-sniffer-annotations-1.14.jar:/Users/athemistou/.m2/repository/com/squareup/okhttp3/okhttp/3.8.1/okhttp-3.8.1.jar:/Users/athemistou/.m2/repository/com/squareup/okio/okio/1.14.1/okio-1.14.1.jar:/Users/athemistou/.m2/repository/junit/junit/4.12/junit-4.12.jar:/Users/athemistou/.m2/repository/io/github/bonigarcia/webdrivermanager/3.0.0/webdrivermanager-3.0.0.jar:/Users/athemistou/.m2/repository/commons-io/commons-io/2.6/commons-io-2.6.jar:/Users/athemistou/.m2/repository/com/google/code/gson/gson/2.8.5/gson-2.8.5.jar:/Users/athemistou/.m2/repository/org/apache/commons/commons-lang3/3.7/commons-lang3-3.7.jar:/Users/athemistou/.m2/repository/org/rauschig/jarchivelib/0.8.0/jarchivelib-0.8.0.jar:/Users/athemistou/.m2/repository/org/jsoup/jsoup/1.11.3/jsoup-1.11.3.jar:, user.name=athemistou, java.vm.specification.version=1.8, sun.java.command=/Users/athemistou/Workspace/fr-obri-exercise/forgerock-openbanking-excercise-tpp/target/surefire/surefirebooter6184014002643845965.jar /Users/athemistou/Workspace/fr-obri-exercise/forgerock-openbanking-excercise-tpp/target/surefire 2018-09-22T16-11-10_313-jvmRun1 surefire4962163944059755532tmp surefire_0812536300822372626tmp, java.home=/Library/Java/JavaVirtualMachines/jdk1.8.0_151.jdk/Contents/Home/jre, sun.arch.data.model=64, user.language=en, java.specification.vendor=Oracle Corporation, awt.toolkit=sun.lwawt.macosx.LWCToolkit, java.vm.info=mixed mode, java.version=1.8.0_151, java.ext.dirs=/Users/athemistou/Library/Java/Extensions:/Library/Java/JavaVirtualMachines/jdk1.8.0_151.jdk/Contents/Home/jre/lib/ext:/Library/Java/Extensions:/Network/Library/Java/Extensions:/System/Library/Java/Extensions:/usr/lib/java, sun.boot.class.path=/Library/Java/JavaVirtualMachines/jdk1.8.0_151.jdk/Contents/Home/jre/lib/resources.jar:/Library/Java/JavaVirtualMachines/jdk1.8.0_151.jdk/Contents/Home/jre/lib/rt.jar:/Library/Java/JavaVirtualMachines/jdk1.8.0_151.jdk/Contents/Home/jre/lib/sunrsasign.jar:/Library/Java/JavaVirtualMachines/jdk1.8.0_151.jdk/Contents/Home/jre/lib/jsse.jar:/Library/Java/JavaVirtualMachines/jdk1.8.0_151.jdk/Contents/Home/jre/lib/jce.jar:/Library/Java/JavaVirtualMachines/jdk1.8.0_151.jdk/Contents/Home/jre/lib/charsets.jar:/Library/Java/JavaVirtualMachines/jdk1.8.0_151.jdk/Contents/Home/jre/lib/jfr.jar:/Library/Java/JavaVirtualMachines/jdk1.8.0_151.jdk/Contents/Home/jre/classes, java.vendor=Oracle Corporation, localRepository=/Users/athemistou/.m2/repository, file.separator=/, java.vendor.url.bug=http://bugreport.sun.com/bugreport/, sun.io.unicode.encoding=UnicodeBig, sun.cpu.endian=little, sun.cpu.isalist=}}, SystemEnvironmentPropertySource@1806431167 {name='systemEnvironment', properties={PATH=/usr/local/bin:/usr/local/sbin:/usr/bin:/bin:/usr/sbin:/sbin, LESS_TERMCAP_se=&amp#27;[0m, LESS_TERMCAP_so=&amp#27;[00;47;30m, COLORTERM=truecolor, LOGNAME=athemistou, PWD=/Users/athemistou/Workspace/fr-obri-exercise/forgerock-openbanking-excercise-tpp, TERM_PROGRAM_VERSION=3.2.0, JAVA_MAIN_CLASS_70257=org.apache.maven.surefire.booter.ForkedBooter, SHELL=/bin/zsh, PAGER=less, OLDPWD=/Users/athemistou/Workspace/fr-obri-exercise/forgerock-openbanking-excercise-tpp, SECURITYSESSIONID=186a6, VISUAL=nano, ITERM_PROFILE=Default, TMPDIR=/var/folders/1f/0_byllp93y718xcw86mw_ypw5r19gt/T/, XPC_FLAGS=0x0, TERM_SESSION_ID=w0t0p0:8E832468-5EA6-4F3A-9C00-A3F31715738B, __CF_USER_TEXT_ENCODING=0xB80A5FA:0x0:0x0, PROMPT_EOL_MARK=, Apple_PubSub_Socket_Render=/private/tmp/com.apple.launchd.NFSzSHbnM7/Render, LESS=-F -g -i -M -R -S -w -X -z-4, LC_CTYPE=UTF-8, COLORFGBG=15;0, LS_COLORS=di=34:ln=35:so=32:pi=33:ex=31:bd=36;01:cd=33;01:su=31;40;07:sg=36;40;07:tw=32;40;07:ow=33;40;07:, SHLVL=2, LESS_TERMCAP_md=&amp#27;[01;31m, LESS_TERMCAP_me=&amp#27;[0m, BROWSER=open, LESS_TERMCAP_mb=&amp#27;[01;31m, GREP_COLOR=37;45, JAVA_HOME=/Library/Java/JavaVirtualMachines/jdk1.8.0_151.jdk/Contents/Home, LESS_TERMCAP_us=&amp#27;[01;32m, TERM=xterm-256color, LANG=en_US.UTF-8, VIRTUAL_ENV_DISABLE_PROMPT=1, COMMAND_MODE=unix2003, ITERM_SESSION_ID=w0t0p0:8E832468-5EA6-4F3A-9C00-A3F31715738B, JAVA_MAIN_CLASS_70193=org.codehaus.plexus.classworlds.launcher.Launche
[...]
2018-09-22 16:11:27.443  INFO 70257 --- [       Thread-3] o.s.b.a.mongo.embedded.EmbeddedMongo     : 2018-09-22T16:11:27.442+0100 I COMMAND  [conn2] command test.$cmd command: update { update: "aspspConfiguration", ordered: true, updates: [ { q: { _id: "16078d5d-12d5-41ab-b9bd-31ddfcb0e69c" }, u: { _id: "16078d5d-12d5-41ab-b9bd-31ddfcb0e69c", name: "Postman", financialId: "0015800001041REAAY", ssa: "eyJraWQiOiI0ZjgxOTJhMi1hZTc0LTQ2ZWMtYTU5MC0zMjAwODNhNDA3ZmYiLCJhbGciOiJSUzI1NiJ9.eyJvcmdfandrc19lbmRwb2ludCI6IlRPRE8iLCJzb2Z0d2FyZV9tb2RlIjoiVEVTVCIsI...", discoveryEndpoint: "https://rs.aspsp.ob.forgerock.financial/open-banking/discovery", registrationEndpoint: "https://rs.aspsp.ob.forgerock.financial/open-banking/registerTPP", oidcRegistrationResponse: { clientId: "16078d5d-12d5-41ab-b9bd-31ddfcb0e69c", clientSecret: "98527e23-fc3e-4106-baa7-3e90a6bdcec1", registrationAccessToken: "eyJ0eXAiOiJKV1QiLCJ6aXAiOiJOT05FIiwia2lkIjoiRm9sN0lwZEtlTFptekt0Q0VnaTFMRGhTSXpNPSIsImFsZyI6IkVTMjU2In0.eyJzdWIiOiIxNjA3OGQ1ZC0xMmQ1LTQxYWItYjliZC0zMW...", registrationClientUri: "https://as.aspsp.ob.forgerock.financial/oauth2/register?client_id=16078d5d-12d5-41ab-b9bd-31ddfcb0e69c", clientSecretExpiresAt: "0", scopes: [ "openid", "payments", "accounts" ], redirectUris: [ "https://localhost", "https://localhost:8080/web/exchange_code/aisp", "https://localhost:8080/web/exchange_code/pisp" ], responseTypes: [ "code id_token" ], applicationType: "web", clientName: "Postman", jwks_uri: "https://service.directory.ob.forgerock.financial/api/software-statement/5ba6048bb093460c75351fdf/application/jwk_uri", subjectType: "public", idTokenSignedResponseAlg: "ES256", idTokenEncryptedResponseAlg: "RSA1_5", idTokenEncryptedResponseEnc: "A128CBC_HS256", userinfoSignedResponseAlg: "", userinfoEncryptedResponseAlg: "", requestObjectSigningAlg: "RS256", requestObjectEncryptionAlg: "RSA-OAEP-256", requestObjectEncryptionEnc: "A128CBC-HS256", tokenEndpointAuthMethod: "private_key_jwt", tokenEndpointAuthSigningAlg: "RS256", defaultMaxAge: "1", softwareStatement: "eyJraWQiOiI0ZjgxOTJhMi1hZTc0LTQ2ZWMtYTU5MC0zMjAwODNhNDA3ZmYiLCJhbGciOiJSUzI1NiJ9.eyJvcmdfandrc19lbmRwb2ludCI6IlRPRE8iLCJzb2Z0d2FyZV9tb2RlIjoiVEVTVCIsI..." }, oidcDiscoveryResponse: { issuer: "https://matls.as.aspsp.ob.forgerock.financial/oauth2/openbanking", authorizationEndpoint: "https://matls.as.aspsp.ob.forgerock.financial/oauth2/realms/root/realms/openbanking/authorize", tokenEndpoint: "https://matls.as.aspsp.ob.forgerock.financial/oauth2/realms/root/realms/openbanking/access_token", userinfoEndpoint: "https://matls.as.aspsp.ob.forgerock.financial/oauth2/realms/root/realms/openbanking/userinfo", jwksUri: "https://as.aspsp.ob.forgerock.financial/oauth2/realms/root/realms/openbanking/connect/jwk_uri", registrationEndpoint: "https://rs.aspsp.ob.forgerock.financial/open-banking/registerTPP", scopesEupported: [ "openid", "payments", "accounts" ], responseTypesSupported: [ "code", "code id_token", "id_token" ], acrValuesSupported: [ "urn:openbanking:psd2:sca", "urn:openbanking:psd2:ca" ], subjectTypesSupported: [ "public", "pairwise" ], idTokenSigningAlgValuesSupported: [ "ES384", "HS256", "HS512", "ES256", "RS256", "HS384", "ES512" ], idTokenEncryptionAlgValuesSupported: [ "RSA-OAEP", "RSA-OAEP-256", "A128KW", "A256KW", "RSA1_5", "dir", "A192KW" ], idTokenEncryptionEncValuesSupported: [ "A256GCM", "A192GCM", "A128GCM", "A128CBC-HS256", "A192CBC-HS384", "A256CBC-HS512" ], userinfoSigningAlgValuesSupported: [ "ES384", "HS256", "HS512", "ES256", "RS256", "HS384", "ES512" ], userinfoEncryptionAlgValuesSupported: [ "A256GCM", "A192GCM", "A128GCM", "A128CBC-HS256", "A192CBC-HS384", "A256CBC-HS512" ], userinfoEncryptionEncValuesSupported: [ "A256GCM", "A192GCM", "A128GCM", "A128CBC-HS256", "A192CBC-HS384", "A256CBC-HS512" ], requestObjectSigningAlgValuesSupported: [ "ES384", "HS256", "HS512", "ES256", "RS256", "HS384", "ES512" ], requestObjectEncryptionAlgValuesSupported: [ "RSA-OAEP", "RSA-OAEP-256", "A128KW", "RSA1_5", "A256KW", "dir", "A192KW" ], requestObjectEncryptionEncValuesSupported: [ "A256GCM", "A192GCM", "A128GCM", "A128CBC-HS256", "A192CBC-HS384", "A256CBC-HS512" ], tokenEndpointAuthMethodsSupported: [ "client_secret_post", "private_key_jwt", "client_secret_basic" ], claimsSupported: [ "acr", "zoneinfo", "openbanking_intent_id", "address", "profile", "name", "phone_number", "given_name", "locale", "family_name", "email" ], claimsParameterSupported: true, requestParameterSupported: true, requestUriParameterSupported: true }, discoveryAPILinksPayment: { createSingleImmediatePayment: "https://rs.aspsp.ob.forgerock.financial:443/open-banking/v2.0/payments", getSingleImmediatePayment: "https://rs.aspsp.ob.forgerock.financial:443/open-banking/v2.0/payments/{PaymentId}", createPaymentSubmission: "https://rs.aspsp.ob.forgerock.financial:443/open-banking/v2.0/payment-submissions", getPaymentSubmission: "https://rs.aspsp.ob.forgerock.financial:443/open-banking/v2.0/payment-submissions/{PaymentSubmissionId}" }, discoveryAPILinksAccount: { createAccountRequest: "https://rs.aspsp.ob.forgerock.financial:443/open-banking/v2.0/account-requests", getAccountRequest: "https://rs.aspsp.ob.forgerock.financial:443/open-banking/v2.0/account-requests/{AccountRequestId}", deleteAccountRequest: "https://rs.aspsp.ob.forgerock.financial:443/open-banking/v2.0/account-requests/{AccountRequestId}", getAccounts: "https://rs.aspsp.ob.forgerock.financial:443/open-banking/v2.0/accounts", getAccount: "https://rs.aspsp.ob.forgerock.financial:443/open-banking/v2.0/accounts/{AccountId}", getAccountTransactions: "https://rs.aspsp.ob.forgerock.financial:443/open-banking/v2.0/accounts/{AccountId}/transactions", getAccountBeneficiaries: "https://rs.aspsp.ob.forgerock.financial:443/open-banking/v2.0/accounts/{AccountId}/beneficiaries", getAccountBalances: "https://rs.aspsp.ob.forgerock.financial:443/open-banking/v2.0/accounts/{AccountId}/balances", getAccountDirectDebits: "https://rs.aspsp.ob.forgerock.financial:443/open-banking/v2.0/accounts/{AccountId}/direct-debits", getAccountStandingOrders: "https://rs.aspsp.ob.forgerock.financial:443/open-banking/v2.0/accounts/{AccountId}/standing-orders", getAccountProduct: "https://rs.aspsp.ob.forgerock.financial:443/open-banking/v2.0/accounts/{AccountId}/product", getStandingOrders: "https://rs.aspsp.ob.forgerock.financial:443/open-banking/v2.0/standing-orders", getDirectDebits: "https://rs.aspsp.ob.forgerock.financial:443/open-banking/v2.0/direct-debits", getBeneficiaries: "https://rs.aspsp.ob.forgerock.financial:443/open-banking/v2.0/beneficiaries", getTransactions: "https://rs.aspsp.ob.forgerock.financial:443/open-banking/v2.0/transactions", getBalances: "https://rs.aspsp.ob.forgerock.financial:443/open-banking/v2.0/balances", getProducts: "https://rs.aspsp.ob.forgerock.financial:443/open-banking/v2.0/products" }, _class: "com.forgerock.openbanking.exercise.tpp.model.aspsp.AspspConfiguration" }, upsert: true } ] } keyUpdates:0 writeConflicts:0 numYields:0 reslen:135 locks:{ Global: { acquireCount: { r: 3, w: 3 } }, Database: { acquireCount: { w: 2, W: 1 } }, Collection: { acquireCount: { w: 2 } } } protocol:op_query 128ms
2018-09-22 16:11:27.723  INFO 70257 --- [           main] i.g.bonigarcia.wdm.WebDriverManager      : Using chromedriver 2.41 (since Google Chrome 69 is installed in your machine)
2018-09-22 16:11:27.748  INFO 70257 --- [           main] i.g.bonigarcia.wdm.WebDriverManager      : Exporting webdriver.chrome.driver as /Users/athemistou/.m2/repository/webdriver/chromedriver/mac64/2.41/chromedriver
2018-09-22 16:11:30.031  INFO 70257 --- [ null to remote] o.o.selenium.remote.ProtocolHandshake    : Detected dialect: OSS
2018-09-22 16:11:30.093 DEBUG 70257 --- [           main] f.o.e.t.a.a.AccountRequestsAPIController : Start initiateAccountRequest with aspspId 16078d5d-12d5-41ab-b9bd-31ddfcb0e69c
2018-09-22 16:11:30.195 DEBUG 70257 --- [           main] f.o.e.t.a.a.AccountRequestsAPIController : We generate an OIDC state, where we save the request parameters
2018-09-22 16:11:30.406  INFO 70257 --- [       Thread-3] o.s.b.a.mongo.embedded.EmbeddedMongo     : 2018-09-22T16:11:30.406+0100 I COMMAND  [conn2] command test.oIDCState command: insert { insert: "oIDCState", ordered: true, documents: [ { _id: ObjectId('5ba65ba2624d121271841599'), aspspId: "16078d5d-12d5-41ab-b9bd-31ddfcb0e69c", _class: "com.forgerock.openbanking.exercise.tpp.model.oidc.OIDCState" } ] } ninserted:1 keyUpdates:0 writeConflicts:0 numYields:0 reslen:40 locks:{ Global: { acquireCount: { r: 2, w: 2 } }, Database: { acquireCount: { w: 1, W: 1 } }, Collection: { acquireCount: { w: 1, W: 1 } } } protocol:op_query 197ms
2018-09-22 16:11:30.409 DEBUG 70257 --- [           main] f.o.e.t.a.a.AccountRequestsAPIController : The state id is 5ba65ba2624d121271841599
2018-09-22 16:11:30.410 DEBUG 70257 --- [           main] f.o.e.t.a.a.AccountRequestsAPIController : Get an access token via the client credential flow
2018-09-22 16:11:30.411 DEBUG 70257 --- [           main] c.f.o.e.t.services.JwkManagementService  : Sign claims {"sub":"16078d5d-12d5-41ab-b9bd-31ddfcb0e69c","aud":"https:\/\/matls.as.aspsp.ob.forgerock.financial\/oauth2\/openbanking","exp":1537629690}
2018-09-22 16:11:30.533 DEBUG 70257 --- [           main] c.f.o.e.t.s.aspsp.as.AspspAsService      : We authenticate to the AS via the client authentication JWT
2018-09-22 16:11:30.534 DEBUG 70257 --- [           main] c.f.o.e.t.s.aspsp.as.AspspAsService      : Client credential JWT : 'eyJraWQiOiI0ZjhlM2YzNy1mZmUxLTQ1ZDItYmQ1MS0wMDlhMzg0YzgwYWQiLCJhbGciOiJSUzI1NiJ9.eyJzdWIiOiIxNjA3OGQ1ZC0xMmQ1LTQxYWItYjliZC0zMWRkZmNiMGU2OWMiLCJhdWQiOiJodHRwczpcL1wvbWF0bHMuYXMuYXNwc3Aub2IuZm9yZ2Vyb2NrLmZpbmFuY2lhbFwvb2F1dGgyXC9vcGVuYmFua2luZyIsImlzcyI6IjE2MDc4ZDVkLTEyZDUtNDFhYi1iOWJkLTMxZGRmY2IwZTY5YyIsImV4cCI6MTUzNzYyOTY5MCwiaWF0IjoxNTM3NjI5MDkwLCJqdGkiOiJmNDViNjQ1Yy0yY2JkLTQ5NDItYjU0NC04OTgyMzI4ZmI3MGIifQ.f7n4C1g3A8DQ8NYM2NMcgWvSVs8h8Y1pMsFUIWAqbQNkn2VF4KEz0Yx93OMZtmhObDiVv2XJBgdpfPdlDvaOTPaDSJkrpwarQXYrTblxSm1lgyuEpGgl7rNwdtldKjwdby8i4iZT8N4HEp8TNFiWg0F-g1ippsOviG3bC--V1MHGFMAkXxOvu50t_LWT-KQfFYb9oDZRwb_UInnoBeY2ae866NwBsLsNVrgxZmPSFZWi78rxE0-MrhqpqB3XERGgYgiG-A2AqGmLwyijS5QsdOIgFk-ru6t66elQ6lAMV2RcGKTaDAziBzb6iiiwa-SnVPdw5UZSa6d2Otq9j7WlbQ'
2018-09-22 16:11:30.972 DEBUG 70257 --- [           main] f.o.e.t.a.a.AccountRequestsAPIController : Received access token 'eyJ0eXAiOiJKV1QiLCJ6aXAiOiJOT05FIiwia2lkIjoiRm9sN0lwZEtlTFptekt0Q0VnaTFMRGhTSXpNPSIsImFsZyI6IkVTMjU2In0.eyJzdWIiOiIxNjA3OGQ1ZC0xMmQ1LTQxYWItYjliZC0zMWRkZmNiMGU2OWMiLCJhdWRpdFRyYWNraW5nSWQiOiJjYTYyNzMyYi0zZWNiLTQzNGYtYTYzNi03NjNjYzI2ZTFjYjQiLCJpc3MiOiJodHRwczovL21hdGxzLmFzLmFzcHNwLm9iLmZvcmdlcm9jay5maW5hbmNpYWwvb2F1dGgyL29wZW5iYW5raW5nIiwidG9rZW5OYW1lIjoiYWNjZXNzX3Rva2VuIiwidG9rZW5fdHlwZSI6IkJlYXJlciIsImF1dGhHcmFudElkIjoiZDRlOTAyZjMtNTAzMi00MDZjLTlkNjctMDZjNzRmMjZkOGZiIiwiYXVkIjoiMTYwNzhkNWQtMTJkNS00MWFiLWI5YmQtMzFkZGZjYjBlNjljIiwibmJmIjoxNTM3NjI5MDkwLCJncmFudF90eXBlIjoiY2xpZW50X2NyZWRlbnRpYWxzIiwic2NvcGUiOlsib3BlbmlkIiwiYWNjb3VudHMiXSwiYXV0aF90aW1lIjoxNTM3NjI5MDkwLCJyZWFsbSI6Ii9vcGVuYmFua2luZyIsImV4cCI6MTUzNzcxNTQ5MCwiaWF0IjoxNTM3NjI5MDkwLCJleHBpcmVzX2luIjo4NjQwMCwianRpIjoiMGEwYmUzMTctYWI1Yi00MTExLTg0YmMtNmY5MmFkMjFjZDk0In0.wHvygO_ykeTduOz2Tbx1Mpc8aYMByZ9XkgHQirmokrysm3M3caHC1QXchp9bUQxgp5aw07p-WQZWE6ofB4nlBQ'
2018-09-22 16:11:30.972 DEBUG 70257 --- [           main] f.o.e.t.a.a.AccountRequestsAPIController : Register the payment to the RS
2018-09-22 16:11:30.972 DEBUG 70257 --- [           main] c.f.o.e.t.s.a.rs.RSAccountAPIService     : Create an account request
2018-09-22 16:11:31.294 DEBUG 70257 --- [           main] c.f.o.e.t.s.a.rs.RSAccountAPIService     : Account request: {
  "headers" : {
    "Content-Type" : [ "application/json" ],
    "Authorization" : [ "Bearer eyJ0eXAiOiJKV1QiLCJ6aXAiOiJOT05FIiwia2lkIjoiRm9sN0lwZEtlTFptekt0Q0VnaTFMRGhTSXpNPSIsImFsZyI6IkVTMjU2In0.eyJzdWIiOiIxNjA3OGQ1ZC0xMmQ1LTQxYWItYjliZC0zMWRkZmNiMGU2OWMiLCJhdWRpdFRyYWNraW5nSWQiOiJjYTYyNzMyYi0zZWNiLTQzNGYtYTYzNi03NjNjYzI2ZTFjYjQiLCJpc3MiOiJodHRwczovL21hdGxzLmFzLmFzcHNwLm9iLmZvcmdlcm9jay5maW5hbmNpYWwvb2F1dGgyL29wZW5iYW5raW5nIiwidG9rZW5OYW1lIjoiYWNjZXNzX3Rva2VuIiwidG9rZW5fdHlwZSI6IkJlYXJlciIsImF1dGhHcmFudElkIjoiZDRlOTAyZjMtNTAzMi00MDZjLTlkNjctMDZjNzRmMjZkOGZiIiwiYXVkIjoiMTYwNzhkNWQtMTJkNS00MWFiLWI5YmQtMzFkZGZjYjBlNjljIiwibmJmIjoxNTM3NjI5MDkwLCJncmFudF90eXBlIjoiY2xpZW50X2NyZWRlbnRpYWxzIiwic2NvcGUiOlsib3BlbmlkIiwiYWNjb3VudHMiXSwiYXV0aF90aW1lIjoxNTM3NjI5MDkwLCJyZWFsbSI6Ii9vcGVuYmFua2luZyIsImV4cCI6MTUzNzcxNTQ5MCwiaWF0IjoxNTM3NjI5MDkwLCJleHBpcmVzX2luIjo4NjQwMCwianRpIjoiMGEwYmUzMTctYWI1Yi00MTExLTg0YmMtNmY5MmFkMjFjZDk0In0.wHvygO_ykeTduOz2Tbx1Mpc8aYMByZ9XkgHQirmokrysm3M3caHC1QXchp9bUQxgp5aw07p-WQZWE6ofB4nlBQ" ],
    "x-fapi-financial-id" : [ "0015800001041REAAY" ],
    "x-fapi-customer-ip-address" : [ "" ],
    "x-fapi-interaction-id" : [ "5b2a24f3-a2aa-4164-b2a8-46cc53a71aa8" ],
    "Accept" : [ "application/json" ]
  },
  "body" : {
    "Data" : {
      "Permissions" : [ "ReadAccountsDetail", "ReadBalances", "ReadBeneficiariesDetail", "ReadDirectDebits", "ReadProducts", "ReadStandingOrdersDetail", "ReadTransactionsCredits", "ReadTransactionsDebits", "ReadTransactionsDetail" ],
      "ExpirationDateTime" : "2018-09-23T16:11:30+01:00",
      "TransactionFromDateTime" : "2018-03-06T15:11:31+00:00",
      "TransactionToDateTime" : "2018-09-22T16:11:31+01:00"
    }
  }
}
2018-09-22 16:11:31.618 DEBUG 70257 --- [           main] f.o.e.t.a.a.AccountRequestsAPIController : The received account Request ID 'A3cb4c00e-4b9b-4b95-85d3-bac00594eb6b'
2018-09-22 16:11:31.621 DEBUG 70257 --- [           main] c.f.o.e.t.s.aspsp.as.AspspAsService      : Generate a request parameter for the intent ID 'A3cb4c00e-4b9b-4b95-85d3-bac00594eb6b', state '5ba65ba2624d121271841599' and nonce '5ba65ba2624d121271841599'
2018-09-22 16:11:31.622 DEBUG 70257 --- [           main] c.f.o.e.t.services.JwkManagementService  : Sign claims {"aud":"https:\/\/matls.as.aspsp.ob.forgerock.financial\/oauth2\/openbanking","scope":"accounts openid","claims":{"id_token":{"acr":{"value":"urn:openbanking:psd2:sca","essential":true},"openbanking_intent_id":{"value":"A3cb4c00e-4b9b-4b95-85d3-bac00594eb6b","essential":true}},"userinfo":{"openbanking_intent_id":{"value":"A3cb4c00e-4b9b-4b95-85d3-bac00594eb6b","essential":true}}},"response_type":"code id_token","redirect_uri":"https:\/\/localhost","state":"5ba65ba2624d121271841599","exp":1537632691,"nonce":"5ba65ba2624d121271841599","client_id":"16078d5d-12d5-41ab-b9bd-31ddfcb0e69c"}
2018-09-22 16:11:31.748 DEBUG 70257 --- [           main] c.f.o.e.t.s.aspsp.as.AspspAsService      : Request parameter JWS : 'eyJraWQiOiI0ZjhlM2YzNy1mZmUxLTQ1ZDItYmQ1MS0wMDlhMzg0YzgwYWQiLCJhbGciOiJSUzI1NiJ9.eyJhdWQiOiJodHRwczpcL1wvbWF0bHMuYXMuYXNwc3Aub2IuZm9yZ2Vyb2NrLmZpbmFuY2lhbFwvb2F1dGgyXC9vcGVuYmFua2luZyIsInNjb3BlIjoiYWNjb3VudHMgb3BlbmlkIiwiY2xhaW1zIjp7ImlkX3Rva2VuIjp7ImFjciI6eyJ2YWx1ZSI6InVybjpvcGVuYmFua2luZzpwc2QyOnNjYSIsImVzc2VudGlhbCI6dHJ1ZX0sIm9wZW5iYW5raW5nX2ludGVudF9pZCI6eyJ2YWx1ZSI6IkEzY2I0YzAwZS00YjliLTRiOTUtODVkMy1iYWMwMDU5NGViNmIiLCJlc3NlbnRpYWwiOnRydWV9fSwidXNlcmluZm8iOnsib3BlbmJhbmtpbmdfaW50ZW50X2lkIjp7InZhbHVlIjoiQTNjYjRjMDBlLTRiOWItNGI5NS04NWQzLWJhYzAwNTk0ZWI2YiIsImVzc2VudGlhbCI6dHJ1ZX19fSwiaXNzIjoiMTYwNzhkNWQtMTJkNS00MWFiLWI5YmQtMzFkZGZjYjBlNjljIiwicmVzcG9uc2VfdHlwZSI6ImNvZGUgaWRfdG9rZW4iLCJyZWRpcmVjdF91cmkiOiJodHRwczpcL1wvbG9jYWxob3N0Iiwic3RhdGUiOiI1YmE2NWJhMjYyNGQxMjEyNzE4NDE1OTkiLCJleHAiOjE1Mzc2MzI2OTEsIm5vbmNlIjoiNWJhNjViYTI2MjRkMTIxMjcxODQxNTk5IiwiaWF0IjoxNTM3NjI5MDkxLCJjbGllbnRfaWQiOiIxNjA3OGQ1ZC0xMmQ1LTQxYWItYjliZC0zMWRkZmNiMGU2OWMiLCJqdGkiOiJmNzIyMmQ1MS1kOTA0LTRhMmItYTg1Ny0wZDdlOTU3NDliOTUifQ.MZxiX6jdhV1rgJVYhBuqWlaZhJ3FOHCtGbkw9cJueRiwl3EhJjaMrClTmGznJ7wM2fif4G7xessxUelFYIV4Y5h45v3_sFnJyuXhPIvcqsH5lx9m2RsXnbsGGmUSIPAru4J9UCxWJWzOdGEwxcwO9T4H7jh-Lby9EebRrVA0S76gg3jimgjAzXua1Vd2Oaiqkoi3gvx9mJtK8GjewPUAjDytSVH8qF8QYjKD2n4kNwhHdaXy5Wf0dY-zYTdSj1LXz_2RRB4BZe-fkRMwopq2VCx0tB8vXUqtg7bz3SIr_vrBftM69qgS3g7TdakVp5Jzp6_4X4TRh-wlT49wHgqcKw'
2018-09-22 16:11:31.749 DEBUG 70257 --- [           main] c.f.o.e.t.services.JwkManagementService  : Sign claims {"aud":"https:\/\/matls.as.aspsp.ob.forgerock.financial\/oauth2\/openbanking","scope":"accounts openid","claims":{"id_token":{"acr":{"value":"urn:openbanking:psd2:sca","essential":true},"openbanking_intent_id":{"value":"A3cb4c00e-4b9b-4b95-85d3-bac00594eb6b","essential":true}},"userinfo":{"openbanking_intent_id":{"value":"A3cb4c00e-4b9b-4b95-85d3-bac00594eb6b","essential":true}}},"response_type":"code id_token","redirect_uri":"https:\/\/localhost","state":"5ba65ba2624d121271841599","exp":1537632691,"nonce":"5ba65ba2624d121271841599","client_id":"16078d5d-12d5-41ab-b9bd-31ddfcb0e69c"}
2018-09-22 16:11:31.866 DEBUG 70257 --- [           main] f.o.e.t.a.a.AccountRequestsAPIController : Start the hybrid flow with the following request param 'eyJraWQiOiI0ZjhlM2YzNy1mZmUxLTQ1ZDItYmQ1MS0wMDlhMzg0YzgwYWQiLCJhbGciOiJSUzI1NiJ9.eyJhdWQiOiJodHRwczpcL1wvbWF0bHMuYXMuYXNwc3Aub2IuZm9yZ2Vyb2NrLmZpbmFuY2lhbFwvb2F1dGgyXC9vcGVuYmFua2luZyIsInNjb3BlIjoiYWNjb3VudHMgb3BlbmlkIiwiY2xhaW1zIjp7ImlkX3Rva2VuIjp7ImFjciI6eyJ2YWx1ZSI6InVybjpvcGVuYmFua2luZzpwc2QyOnNjYSIsImVzc2VudGlhbCI6dHJ1ZX0sIm9wZW5iYW5raW5nX2ludGVudF9pZCI6eyJ2YWx1ZSI6IkEzY2I0YzAwZS00YjliLTRiOTUtODVkMy1iYWMwMDU5NGViNmIiLCJlc3NlbnRpYWwiOnRydWV9fSwidXNlcmluZm8iOnsib3BlbmJhbmtpbmdfaW50ZW50X2lkIjp7InZhbHVlIjoiQTNjYjRjMDBlLTRiOWItNGI5NS04NWQzLWJhYzAwNTk0ZWI2YiIsImVzc2VudGlhbCI6dHJ1ZX19fSwiaXNzIjoiMTYwNzhkNWQtMTJkNS00MWFiLWI5YmQtMzFkZGZjYjBlNjljIiwicmVzcG9uc2VfdHlwZSI6ImNvZGUgaWRfdG9rZW4iLCJyZWRpcmVjdF91cmkiOiJodHRwczpcL1wvbG9jYWxob3N0Iiwic3RhdGUiOiI1YmE2NWJhMjYyNGQxMjEyNzE4NDE1OTkiLCJleHAiOjE1Mzc2MzI2OTEsIm5vbmNlIjoiNWJhNjViYTI2MjRkMTIxMjcxODQxNTk5IiwiaWF0IjoxNTM3NjI5MDkxLCJjbGllbnRfaWQiOiIxNjA3OGQ1ZC0xMmQ1LTQxYWItYjliZC0zMWRkZmNiMGU2OWMiLCJqdGkiOiIzZmE1ZDFiMy05ZGIxLTQ2ZmItOWQ4Zi01ZmY5MGMxYTg4N2YifQ.W2-bYrGD4mB__OpsOP6s4iCw49FSxNQ863oXljeZgEUYJFsns180cU3RYVSK1sQEV6PkgxyF4RCnXAiiLUkDAu4rSdOpv27yMOr23UNO_qmNrHtd6J_PzmqW5gWUpAR9UnsR2hvbKSiHOiOIcTG-pMdQkCfVpHi6_I9T2TcnpmlWyTvcBrEF_Aa1eAPf8KEk-mYknuQ98ibHdFbKR5oQ4yyYriyqkZ8WnSgbqfy2rWJSkZtk7m4yHGOkwTJd3sqvrJvSjccKhwxmtatr_3SChmRyFs7qWqdqXJGHMTV6DpEid4wOlH07GjH_2j-cVu5zQ3RaXYLduxp60aM2aQpIlQ'
2018-09-22 16:11:31.866 DEBUG 70257 --- [           main] c.f.o.e.t.s.aspsp.as.AspspAsService      : Start the hybrid flow by redirecting the user to the authorize endpoint
2018-09-22 16:11:41.334 DEBUG 70257 --- [           main] c.f.o.e.t.s.aspsp.as.ASDiscoveryService  : Call the well-known endpoint of the AS https://as.aspsp.ob.forgerock.financial/oauth2/.well-known/openid-configuration
2018-09-22 16:11:41.357 DEBUG 70257 --- [           main] c.f.o.e.t.a.r.TPPRegistrationController  : The OIDC aspsp endpoint: https://as.aspsp.ob.forgerock.financial/oauth2/
2018-09-22 16:11:41.358  INFO 70257 --- [           main] f.o.e.t.s.a.a.ASPSPASRegistrationService : Unregister the TPP to the ASPSP-AS
2018-09-22 16:11:41.579  INFO 70257 --- [           main] f.o.e.t.s.a.a.ASPSPASRegistrationService : Unregister the TPP to the ASPSP-AS
]]></system-out>
    <system-err><![CDATA[Starting ChromeDriver 2.41.578706 (5f725d1b4f0a4acbf5259df887244095596231db) on port 47026
Only local connections are allowed.
]]></system-err>
  </testcase>
</testsuite>